Change Component Designator: Old Designator=C200 New Designator=C300
Change Component Designator: Old Designator=C201 New Designator=C301
Change Component Designator: Old Designator=C202 New Designator=C302
Change Component Designator: Old Designator=C203 New Designator=C303
Change Component Designator: Old Designator=C204 New Designator=C304
Change Component Designator: Old Designator=D200 New Designator=D300
Change Component Designator: Old Designator=D201 New Designator=D301
Change Component Designator: Old Designator=F200 New Designator=F300
Change Component Designator: Old Designator=L200 New Designator=L300
Change Component Designator: Old Designator=L201 New Designator=L301
Change Component Designator: Old Designator=Q200 New Designator=Q300
Change Component Designator: Old Designator=R200 New Designator=R300
Change Component Designator: Old Designator=R201 New Designator=R301
Change Component Designator: Old Designator=R202 New Designator=R302
Change Component Designator: Old Designator=SC200 New Designator=SC300
Change Component Designator: Old Designator=SC201 New Designator=SC301
Change Component Designator: Old Designator=SC202 New Designator=SC302
Change Component Designator: Old Designator=SC203 New Designator=SC303
Change Component Designator: Old Designator=SC204 New Designator=SC304
Change Component Designator: Old Designator=SC205 New Designator=SC305
Change Component Designator: Old Designator=SC206 New Designator=SC306
Change Component Designator: Old Designator=SC207 New Designator=SC307
Change Component Designator: Old Designator=SC208 New Designator=SC308
Change Component Designator: Old Designator=SC209 New Designator=SC309
Change Component Designator: Old Designator=SC210 New Designator=SC310
Change Component Designator: Old Designator=SC211 New Designator=SC311
Change Component Designator: Old Designator=SC212 New Designator=SC312
Change Component Designator: Old Designator=U200 New Designator=U300
