Change Component Designator: Old Designator=C? New Designator=C200
Change Component Designator: Old Designator=C? New Designator=C201
Change Component Designator: Old Designator=C? New Designator=C202
Change Component Designator: Old Designator=C? New Designator=C203
Change Component Designator: Old Designator=C? New Designator=C204
Change Component Designator: Old Designator=D? New Designator=D200
Change Component Designator: Old Designator=D? New Designator=D201
Change Component Designator: Old Designator=L? New Designator=L200
Change Component Designator: Old Designator=L? New Designator=L201
Change Component Designator: Old Designator=Q? New Designator=Q200
Change Component Designator: Old Designator=R? New Designator=R200
Change Component Designator: Old Designator=R? New Designator=R201
Change Component Designator: Old Designator=R? New Designator=R202
Change Component Designator: Old Designator=SC? New Designator=SC200
Change Component Designator: Old Designator=SC? New Designator=SC201
Change Component Designator: Old Designator=SC? New Designator=SC202
Change Component Designator: Old Designator=SC? New Designator=SC203
Change Component Designator: Old Designator=SC? New Designator=SC204
Change Component Designator: Old Designator=SC? New Designator=SC205
Change Component Designator: Old Designator=SC? New Designator=SC206
Change Component Designator: Old Designator=SC? New Designator=SC207
Change Component Designator: Old Designator=SC? New Designator=SC208
Change Component Designator: Old Designator=SC? New Designator=SC209
Change Component Designator: Old Designator=SC? New Designator=SC210
Change Component Designator: Old Designator=SC? New Designator=SC211
Change Component Designator: Old Designator=SC? New Designator=SC212
