Removed Pin From Net: NetName=CN2 Pin=L200_CELL1-1
Removed Pin From Net: NetName=CN3 Pin=L200_CELL1-2
Removed Pin From Net: NetName=CN3 Pin=L200_CELL2-1
Removed Pin From Net: NetName=CN4 Pin=L200_CELL2-2
Removed Pin From Net: NetName=CN4 Pin=L200_CELL3-1
Removed Pin From Net: NetName=CN5 Pin=L200_CELL3-2
Removed Pin From Net: NetName=CN5 Pin=L200_CELL4-1
Removed Pin From Net: NetName=CN6 Pin=L200_CELL4-2
Removed Pin From Net: NetName=CN6 Pin=L200_CELL5-1
Removed Pin From Net: NetName=CN7 Pin=L200_CELL5-2
Removed Pin From Net: NetName=CN7 Pin=L200_CELL6-1
Removed Pin From Net: NetName=CN8 Pin=L200_CELL6-2
Removed Pin From Net: NetName=CN8 Pin=L200_CELL7-1
Removed Pin From Net: NetName=CN10 Pin=L200_CELL8-2
Removed Pin From Net: NetName=CN10 Pin=L200_CELL9-1
Removed Pin From Net: NetName=CN11 Pin=L200_CELL9-2
Removed Pin From Net: NetName=CN11 Pin=L200_CELL10-1
Removed Pin From Net: NetName=CN12 Pin=L200_CELL10-2
Removed Pin From Net: NetName=CN12 Pin=L200_CELL11-1
Removed Pin From Net: NetName=CP12 Pin=L200_CELL11-2
Removed Pin From Net: NetName=CP12 Pin=L200_CELL12-1
Removed Pin From Net: NetName=CPP12 Pin=L200_CELL12-2
Removed Pin From Net: NetName=CP12 Pin=L300-1
Removed Pin From Net: NetName=CN3 Pin=Q200_CELL1-2
Removed Pin From Net: NetName=CN4 Pin=Q200_CELL2-2
Removed Pin From Net: NetName=CN5 Pin=Q200_CELL3-2
Removed Pin From Net: NetName=CN6 Pin=Q200_CELL4-2
Removed Pin From Net: NetName=CN7 Pin=Q200_CELL5-2
Removed Pin From Net: NetName=CN8 Pin=Q200_CELL6-2
Removed Pin From Net: NetName=CN10 Pin=R200_CELL10-1
Removed Pin From Net: NetName=CN11 Pin=R200_CELL11-1
Removed Pin From Net: NetName=CN12 Pin=R200_CELL12-1
Removed Pin From Net: NetName=CN10 Pin=R201_CELL10-1
Removed Pin From Net: NetName=CN11 Pin=R201_CELL11-1
Removed Pin From Net: NetName=CN12 Pin=R201_CELL12-1
Removed Pin From Net: NetName=CN3 Pin=R202_CELL1-2
Removed Pin From Net: NetName=CN4 Pin=R202_CELL2-2
Removed Pin From Net: NetName=CN5 Pin=R202_CELL3-2
Removed Pin From Net: NetName=CN6 Pin=R202_CELL4-2
Removed Pin From Net: NetName=CN7 Pin=R202_CELL5-2
Removed Pin From Net: NetName=CN8 Pin=R202_CELL6-2
Removed Pin From Net: NetName=CN3 Pin=R203_CELL1-2
Removed Pin From Net: NetName=CN4 Pin=R203_CELL2-2
Removed Pin From Net: NetName=CN5 Pin=R203_CELL3-2
Removed Pin From Net: NetName=CN6 Pin=R203_CELL4-2
Removed Pin From Net: NetName=CN7 Pin=R203_CELL5-2
Removed Pin From Net: NetName=CN8 Pin=R203_CELL6-2
Removed Pin From Net: NetName=CP12 Pin=R300-1
Removed Pin From Net: NetName=CN10 Pin=SW?-4
Removed Pin From Net: NetName=CN11 Pin=SW?-5
Removed Pin From Net: NetName=CN12 Pin=SW?-6
Removed Pin From Net: NetName=CP12 Pin=SW?-7
Removed Member From Class: ClassName=CELL1 Member=L200_CELL1
Removed Member From Class: ClassName=CELL2 Member=L200_CELL2
Removed Member From Class: ClassName=CELL3 Member=L200_CELL3
Removed Member From Class: ClassName=CELL4 Member=L200_CELL4
Removed Member From Class: ClassName=CELL5 Member=L200_CELL5
Removed Member From Class: ClassName=CELL6 Member=L200_CELL6
Removed Member From Class: ClassName=CELL7 Member=L200_CELL7
Removed Member From Class: ClassName=CELL8 Member=L200_CELL8
Removed Member From Class: ClassName=CELL9 Member=L200_CELL9
Removed Member From Class: ClassName=CELL10 Member=L200_CELL10
Removed Member From Class: ClassName=CELL11 Member=L200_CELL11
Removed Member From Class: ClassName=CELL12 Member=L200_CELL12
Added Pin To Net: NetName=CPP12 Pin=L300-1
Added Pin To Net: NetName=CN2 Pin=Q200_CELL1-2
Added Pin To Net: NetName=CN3 Pin=Q200_CELL2-2
Added Pin To Net: NetName=CN4 Pin=Q200_CELL3-2
Added Pin To Net: NetName=CN5 Pin=Q200_CELL4-2
Added Pin To Net: NetName=CN6 Pin=Q200_CELL5-2
Added Pin To Net: NetName=CN7 Pin=Q200_CELL6-2
Added Pin To Net: NetName=CN8 Pin=Q200_CELL7-2
Added Pin To Net: NetName=CN10 Pin=R200_CELL9-1
Added Pin To Net: NetName=CN11 Pin=R200_CELL10-1
Added Pin To Net: NetName=CN12 Pin=R200_CELL11-1
Added Pin To Net: NetName=CP12 Pin=R200_CELL12-1
Added Pin To Net: NetName=CN10 Pin=R201_CELL9-1
Added Pin To Net: NetName=CN11 Pin=R201_CELL10-1
Added Pin To Net: NetName=CN12 Pin=R201_CELL11-1
Added Pin To Net: NetName=CP12 Pin=R201_CELL12-1
Added Pin To Net: NetName=CN2 Pin=R202_CELL1-2
Added Pin To Net: NetName=CN3 Pin=R202_CELL2-2
Added Pin To Net: NetName=CN4 Pin=R202_CELL3-2
Added Pin To Net: NetName=CN5 Pin=R202_CELL4-2
Added Pin To Net: NetName=CN6 Pin=R202_CELL5-2
Added Pin To Net: NetName=CN7 Pin=R202_CELL6-2
Added Pin To Net: NetName=CN8 Pin=R202_CELL7-2
Added Pin To Net: NetName=CN2 Pin=R203_CELL1-2
Added Pin To Net: NetName=CN3 Pin=R203_CELL2-2
Added Pin To Net: NetName=CN4 Pin=R203_CELL3-2
Added Pin To Net: NetName=CN5 Pin=R203_CELL4-2
Added Pin To Net: NetName=CN6 Pin=R203_CELL5-2
Added Pin To Net: NetName=CN7 Pin=R203_CELL6-2
Added Pin To Net: NetName=CN8 Pin=R203_CELL7-2
Added Pin To Net: NetName=CPP12 Pin=R300-1
Added Pin To Net: NetName=CN10 Pin=SW?-3
Added Pin To Net: NetName=CN11 Pin=SW?-4
Added Pin To Net: NetName=CN12 Pin=SW?-5
Added Pin To Net: NetName=CP12 Pin=SW?-6
Added Pin To Net: NetName=CPP12 Pin=SW?-7
Change Net Name : Old Net Name=CN10 New Net Name=CN9
Change Net Name : Old Net Name=CN11 New Net Name=CN10
Change Net Name : Old Net Name=CN12 New Net Name=CN11
Change Net Name : Old Net Name=CP12 New Net Name=CN12
Change Net Name : Old Net Name=CPP12 New Net Name=CP12
Added Member To Class: ClassName=CN[1..12] Member=Element[3]: CN
Added Member To Class: ClassName=CN[1..12] Member=Element[8]: CN
Added Member To Class: ClassName=CN[1..12] Member=Element[9]: CN
Added Member To Class: ClassName=CN[1..12] Member=Element[10]: CN
Added Member To Class: ClassName=CN[1..12] Member=Element[11]: CN
Added Member To Class: ClassName=CN[1..12] Member=Element[12]: CN
Added Room: Name=BMS_Main
Added Room: Name=CELL1
Added Room: Name=CELL2
Added Room: Name=CELL3
Added Room: Name=CELL4
Added Room: Name=CELL5
Added Room: Name=CELL6
Added Room: Name=CELL7
Added Room: Name=CELL8
Added Room: Name=CELL9
Added Room: Name=CELL10
Added Room: Name=CELL11
Added Room: Name=CELL12
Added Room: Name=U_BMS_BatteryStackMonitor
Added Room: Name=U_BMS_BatteryThermistors
Added Room: Name=U_BMS_CAN
Added Room: Name=U_BMS_Microcontroller
Added Room: Name=U_BMS_PowerManagement
Added Room: Name=U_BMS_SafetyCircuit
