Removed Pin From Net: NetName=3.3V Pin=H700-1
Removed Pin From Net: NetName=3.3V Pin=H701-1
Removed Pin From Net: NetName=3.3V Pin=H702-1
Removed Pin From Net: NetName=3.3V Pin=H703-1
Removed Pin From Net: NetName=GND Pin=R701-2
Removed Pin From Net: NetName=GND Pin=R702-2
Removed Pin From Net: NetName=GND Pin=R703-2
Added Pin To Net: NetName=GND Pin=H700-1
Added Pin To Net: NetName=GND Pin=H701-1
Added Pin To Net: NetName=GND Pin=H702-1
Added Pin To Net: NetName=GND Pin=H703-1
Added Pin To Net: NetName=NetR701_2 Pin=R701-2
Added Net: Name=NetR701_2
Added Pin To Net: NetName=NetR702_2 Pin=R702-2
Added Net: Name=NetR702_2
Added Pin To Net: NetName=NetR703_2 Pin=R703-2
Added Net: Name=NetR703_2
Added Room: Name=BMS_Main
Added Room: Name=CELL1
Added Room: Name=CELL2
Added Room: Name=CELL3
Added Room: Name=CELL4
Added Room: Name=CELL5
Added Room: Name=CELL6
Added Room: Name=CELL7
Added Room: Name=CELL8
Added Room: Name=CELL9
Added Room: Name=CELL10
Added Room: Name=CELL11
Added Room: Name=CELL12
Added Room: Name=U_BMS_BatteryStackMonitor
Added Room: Name=U_BMS_BatteryThermistors
Added Room: Name=U_BMS_CAN
Added Room: Name=U_BMS_Microcontroller
Added Room: Name=U_BMS_PowerManagement
Added Room: Name=U_BMS_SafetyCircuit
