Removed Pin From Net: NetName=5V Pin=C303-1
Removed Pin From Net: NetName=5V Pin=F300-2
Removed Pin From Net: NetName=5V Pin=SC300-2
Removed Pin From Net: NetName=5V Pin=SC302-2
Removed Pin From Net: NetName=5V Pin=SC303-2
Removed Pin From Net: NetName=5V Pin=SC305-2
Removed Pin From Net: NetName=5V Pin=SC307-2
Removed Pin From Net: NetName=5V Pin=SC309-2
Removed Pin From Net: NetName=5V Pin=SC311-2
Removed Pin From Net: NetName=5V Pin=U300-37
Change Component Description : Designator=Q200_CELL1 Old Description=P-channel -30 V, 48 mO typICAL, -2 A STripFET™ H6 Power MOSFET in a SOT-23 package. New Description=P-channel -30 V, 48 mO typICAL, -2 A STripFET™ H6 Power MOSFET in a SOT-23 package.
Change Component Description : Designator=Q200_CELL2 Old Description=P-channel -30 V, 48 mO typICAL, -2 A STripFET™ H6 Power MOSFET in a SOT-23 package. New Description=P-channel -30 V, 48 mO typICAL, -2 A STripFET™ H6 Power MOSFET in a SOT-23 package.
Change Component Description : Designator=Q200_CELL3 Old Description=P-channel -30 V, 48 mO typICAL, -2 A STripFET™ H6 Power MOSFET in a SOT-23 package. New Description=P-channel -30 V, 48 mO typICAL, -2 A STripFET™ H6 Power MOSFET in a SOT-23 package.
Change Component Description : Designator=Q200_CELL4 Old Description=P-channel -30 V, 48 mO typICAL, -2 A STripFET™ H6 Power MOSFET in a SOT-23 package. New Description=P-channel -30 V, 48 mO typICAL, -2 A STripFET™ H6 Power MOSFET in a SOT-23 package.
Change Component Description : Designator=Q200_CELL5 Old Description=P-channel -30 V, 48 mO typICAL, -2 A STripFET™ H6 Power MOSFET in a SOT-23 package. New Description=P-channel -30 V, 48 mO typICAL, -2 A STripFET™ H6 Power MOSFET in a SOT-23 package.
Change Component Description : Designator=Q200_CELL6 Old Description=P-channel -30 V, 48 mO typICAL, -2 A STripFET™ H6 Power MOSFET in a SOT-23 package. New Description=P-channel -30 V, 48 mO typICAL, -2 A STripFET™ H6 Power MOSFET in a SOT-23 package.
Change Component Description : Designator=Q200_CELL7 Old Description=P-channel -30 V, 48 mO typICAL, -2 A STripFET™ H6 Power MOSFET in a SOT-23 package. New Description=P-channel -30 V, 48 mO typICAL, -2 A STripFET™ H6 Power MOSFET in a SOT-23 package.
Change Component Description : Designator=Q200_CELL8 Old Description=P-channel -30 V, 48 mO typICAL, -2 A STripFET™ H6 Power MOSFET in a SOT-23 package. New Description=P-channel -30 V, 48 mO typICAL, -2 A STripFET™ H6 Power MOSFET in a SOT-23 package.
Change Component Description : Designator=Q200_CELL9 Old Description=P-channel -30 V, 48 mO typICAL, -2 A STripFET™ H6 Power MOSFET in a SOT-23 package. New Description=P-channel -30 V, 48 mO typICAL, -2 A STripFET™ H6 Power MOSFET in a SOT-23 package.
Change Component Description : Designator=Q200_CELL10 Old Description=P-channel -30 V, 48 mO typICAL, -2 A STripFET™ H6 Power MOSFET in a SOT-23 package. New Description=P-channel -30 V, 48 mO typICAL, -2 A STripFET™ H6 Power MOSFET in a SOT-23 package.
Change Component Description : Designator=Q200_CELL11 Old Description=P-channel -30 V, 48 mO typICAL, -2 A STripFET™ H6 Power MOSFET in a SOT-23 package. New Description=P-channel -30 V, 48 mO typICAL, -2 A STripFET™ H6 Power MOSFET in a SOT-23 package.
Change Component Description : Designator=Q200_CELL12 Old Description=P-channel -30 V, 48 mO typICAL, -2 A STripFET™ H6 Power MOSFET in a SOT-23 package. New Description=P-channel -30 V, 48 mO typICAL, -2 A STripFET™ H6 Power MOSFET in a SOT-23 package.
Added Pin To Net: NetName=Net3.3V Regulator_1 Pin=C303-1
Added Pin To Net: NetName=Net3.3V Regulator_1 Pin=F300-2
Added Pin To Net: NetName=Net3.3V Regulator_1 Pin=SC300-2
Added Pin To Net: NetName=Net3.3V Regulator_1 Pin=SC302-2
Added Pin To Net: NetName=Net3.3V Regulator_1 Pin=SC303-2
Added Pin To Net: NetName=Net3.3V Regulator_1 Pin=SC305-2
Added Pin To Net: NetName=Net3.3V Regulator_1 Pin=SC307-2
Added Pin To Net: NetName=Net3.3V Regulator_1 Pin=SC309-2
Added Pin To Net: NetName=Net3.3V Regulator_1 Pin=SC311-2
Added Pin To Net: NetName=Net3.3V Regulator_1 Pin=U300-37
Change Net Name : Old Net Name=5V New Net Name=+5V
Change Net Name : Old Net Name=?0 New Net Name=?0
Change Net Name : Old Net Name=?1 New Net Name=?1
Change Net Name : Old Net Name=?2 New Net Name=?2
Change Net Name : Old Net Name=?3 New Net Name=?3
Change Net Name : Old Net Name=Net3.3V Regulator_1 New Net Name=5V
Added Room: Name=BMS_Main
Added Room: Name=CELL1
Added Room: Name=CELL2
Added Room: Name=CELL3
Added Room: Name=CELL4
Added Room: Name=CELL5
Added Room: Name=CELL6
Added Room: Name=CELL7
Added Room: Name=CELL8
Added Room: Name=CELL9
Added Room: Name=CELL10
Added Room: Name=CELL11
Added Room: Name=CELL12
Added Room: Name=U_BMS_BatteryStackMonitor
Added Room: Name=U_BMS_BatteryThermistors
Added Room: Name=U_BMS_CAN
Added Room: Name=U_BMS_Microcontroller
Added Room: Name=U_BMS_PowerManagement
Added Room: Name=U_BMS_SafetyCircuit
