Added Pin To Net: NetName=CN_CELL2 Pin=L200_CELL1-1
Added Pin To Net: NetName=CN_CELL3 Pin=L200_CELL2-1
Added Pin To Net: NetName=CN_CELL4 Pin=L200_CELL3-1
Added Pin To Net: NetName=CN_CELL5 Pin=L200_CELL4-1
Added Pin To Net: NetName=CN_CELL6 Pin=L200_CELL5-1
Added Pin To Net: NetName=CN_CELL7 Pin=L200_CELL6-1
Added Pin To Net: NetName=CN_CELL8 Pin=L200_CELL7-1
Added Pin To Net: NetName=CN_CELL9 Pin=L200_CELL8-1
Added Pin To Net: NetName=CN_CELL10 Pin=L200_CELL9-1
Added Pin To Net: NetName=CN_CELL11 Pin=L200_CELL10-1
Added Pin To Net: NetName=CN_CELL12 Pin=L200_CELL11-1
Change Net Name : Old Net Name=CN_CELL1 New Net Name=CN1
Change Net Name : Old Net Name=CN_CELL2 New Net Name=CN2
Change Net Name : Old Net Name=CN_CELL3 New Net Name=CN3
Change Net Name : Old Net Name=CN_CELL4 New Net Name=CN4
Change Net Name : Old Net Name=CN_CELL5 New Net Name=CN5
Change Net Name : Old Net Name=CN_CELL6 New Net Name=CN6
Change Net Name : Old Net Name=CN_CELL7 New Net Name=CN7
Change Net Name : Old Net Name=CN_CELL8 New Net Name=CN8
Change Net Name : Old Net Name=CN_CELL9 New Net Name=CN9
Change Net Name : Old Net Name=CN_CELL10 New Net Name=CN10
Change Net Name : Old Net Name=CN_CELL11 New Net Name=CN11
Change Net Name : Old Net Name=CN_CELL12 New Net Name=CN12
Change Net Name : Old Net Name=CP_CELL12 New Net Name=CP12
Added Member To Class: ClassName=CN[1..12] Member=Element[1]: CN
Added Member To Class: ClassName=CN[1..12] Member=Element[2]: CN
Added Member To Class: ClassName=CN[1..12] Member=Element[3]: CN
Added Member To Class: ClassName=CN[1..12] Member=Element[4]: CN
Added Member To Class: ClassName=CN[1..12] Member=Element[5]: CN
Added Member To Class: ClassName=CN[1..12] Member=Element[6]: CN
Added Member To Class: ClassName=CN[1..12] Member=Element[7]: CN
Added Member To Class: ClassName=CN[1..12] Member=Element[8]: CN
Added Member To Class: ClassName=CN[1..12] Member=Element[9]: CN
Added Member To Class: ClassName=CN[1..12] Member=Element[10]: CN
Added Member To Class: ClassName=CN[1..12] Member=Element[11]: CN
Added Member To Class: ClassName=CN[1..12] Member=Element[12]: CN
Added Room: Name=BMS_Main
Added Room: Name=CELL1
Added Room: Name=CELL2
Added Room: Name=CELL3
Added Room: Name=CELL4
Added Room: Name=CELL5
Added Room: Name=CELL6
Added Room: Name=CELL7
Added Room: Name=CELL8
Added Room: Name=CELL9
Added Room: Name=CELL10
Added Room: Name=CELL11
Added Room: Name=CELL12
Added Room: Name=U_BMS_BatteryStackMonitor
Added Room: Name=U_BMS_BatteryThermistors
Added Room: Name=U_BMS_CAN
Added Room: Name=U_BMS_Microcontroller
Added Room: Name=U_BMS_PowerManagement
Added Room: Name=U_BMS_SafetyCircuit
