Removed Pin From Net: NetName=5V_ISO Pin=C501-2
Removed Pin From Net: NetName=5V_ISO Pin=IC500-16
Change Component Designator: OldDesignator=C_Term NewDesignator=C_Term500
Change Component Designator: OldDesignator=R_TermH NewDesignator=R_Term500
Change Component Designator: OldDesignator=R_TermL NewDesignator=R_Term501
Added Component: Designator=5V Regulator(SOT230P700X180-4N)
Add component. Clean all parameters for all variants
Added Component: Designator=C606(CAPC2012X14N)
Add component. Clean all parameters for all variants
Add component (AddParameter): Name = "LatestRevisionDate"; Value = "17-Jul-2002"; VariantName = "[No Variations]"
Add component (AddParameter): Name = "LatestRevisionNote"; Value = "Re-released for DXP Platform."; VariantName = "[No Variations]"
Add component (AddParameter): Name = "PackageDescription"; Value = "Radial Cap, Thru-Hole; 2 Leads; 0.3 in Pin Spacing"; VariantName = "[No Variations]"
Add component (AddParameter): Name = "PackageReference"; Value = "RAD-0.3"; VariantName = "[No Variations]"
Add component (AddParameter): Name = "Published"; Value = "8-Jun-2000"; VariantName = "[No Variations]"
Add component (AddParameter): Name = "Publisher"; Value = "Altium Limited"; VariantName = "[No Variations]"
Add component (AddParameter): Name = "Value"; Value = "0.47uF"; VariantName = "[No Variations]"
Added Component: Designator=C607(TPSA226K006T0300 Capacitor)
Add component. Clean all parameters for all variants
Add component (AddParameter): Name = "LatestRevisionDate"; Value = "17-Jul-2002"; VariantName = "[No Variations]"
Add component (AddParameter): Name = "LatestRevisionNote"; Value = "Re-released for DXP Platform."; VariantName = "[No Variations]"
Add component (AddParameter): Name = "PackageDescription"; Value = "Polarized Capacitor (Radial); 2 Leads"; VariantName = "[No Variations]"
Add component (AddParameter): Name = "PackageReference"; Value = "RB7.6-15"; VariantName = "[No Variations]"
Add component (AddParameter): Name = "Published"; Value = "8-Jun-2000"; VariantName = "[No Variations]"
Add component (AddParameter): Name = "Publisher"; Value = "Altium Limited"; VariantName = "[No Variations]"
Add component (AddParameter): Name = "Value"; Value = "22uF"; VariantName = "[No Variations]"
Added Component: Designator=D602(SMD GREEN LED)
Add component. Clean all parameters for all variants
Add component (AddParameter): Name = "LatestRevisionDate"; Value = "08-Jul-2005"; VariantName = "[No Variations]"
Add component (AddParameter): Name = "LatestRevisionNote"; Value = "Mech Layer 1 removed."; VariantName = "[No Variations]"
Add component (AddParameter): Name = "PackageDescription"; Value = "LED; 2 Leads"; VariantName = "[No Variations]"
Add component (AddParameter): Name = "PackageReference"; Value = "LED-0"; VariantName = "[No Variations]"
Add component (AddParameter): Name = "Published"; Value = "8-Jun-2000"; VariantName = "[No Variations]"
Add component (AddParameter): Name = "Publisher"; Value = "Altium Limited"; VariantName = "[No Variations]"
Added Component: Designator=R607(RESC2012X07N)
Add component. Clean all parameters for all variants
Add component (AddParameter): Name = "LatestRevisionDate"; Value = "17-Jul-2002"; VariantName = "[No Variations]"
Add component (AddParameter): Name = "LatestRevisionNote"; Value = "Re-released for DXP Platform."; VariantName = "[No Variations]"
Add component (AddParameter): Name = "PackageDescription"; Value = "Axial Device, Thru-Hole; 2 Leads; 0.3 in Pin Spacing"; VariantName = "[No Variations]"
Add component (AddParameter): Name = "PackageReference"; Value = "AXIAL-0.3"; VariantName = "[No Variations]"
Add component (AddParameter): Name = "Published"; Value = "8-Jun-2000"; VariantName = "[No Variations]"
Add component (AddParameter): Name = "Publisher"; Value = "Altium Limited"; VariantName = "[No Variations]"
Add component (AddParameter): Name = "Value"; Value = "1K"; VariantName = "[No Variations]"
Added Pin To Net: NetName=5V_ISO Pin=5V Regulator-1
Added Pin To Net: NetName=24V Pin=5V Regulator-2
Added Pin To Net: NetName=5V_ISO Pin=C606-1
Added Pin To Net: NetName=24V Pin=C606-2
Added Pin To Net: NetName=24V Pin=C607-2
Added Pin To Net: NetName=NetD602_1 Pin=D602-1
Added Pin To Net: NetName=24V Pin=D602-2
Added Pin To Net: NetName=NetD602_1 Pin=R607-1
Change Net Name : Old Net Name=5V_ISO New Net Name=24V
Change Net Name : Old Net Name=24V New Net Name=GND_ISO
Added Pin To Net: NetName=5V_ISO Pin=5V Regulator-3
Added Pin To Net: NetName=5V_ISO Pin=C501-2
Added Pin To Net: NetName=5V_ISO Pin=C607-1
Added Pin To Net: NetName=5V_ISO Pin=IC500-16
Added Pin To Net: NetName=5V_ISO Pin=R607-2
Added Net: Name=5V_ISO
Added Member To Class: ClassName=U_BMS_PowerManagement Member=Component 3.3V Regulator NCV8161BSN330T1G
Added Member To Class: ClassName=U_BMS_PowerManagement Member=Component 5V Regulator LM2940IMPX-5.0/NOPB
Added Member To Class: ClassName=U_BMS_PowerManagement Member=Component C600 Cap
Added Member To Class: ClassName=U_BMS_PowerManagement Member=Component C601 Cap
Added Member To Class: ClassName=U_BMS_PowerManagement Member=Component C602 Cap
Added Member To Class: ClassName=U_BMS_PowerManagement Member=Component C603 Cap
Added Member To Class: ClassName=U_BMS_PowerManagement Member=Component C604 Cap
Added Member To Class: ClassName=U_BMS_PowerManagement Member=Component C605 Cap
Added Member To Class: ClassName=U_BMS_PowerManagement Member=Component C606 Cap
Added Member To Class: ClassName=U_BMS_PowerManagement Member=Component C607 Cap Pol1
Added Member To Class: ClassName=U_BMS_CAN Member=Component C_Term500 Cap
Added Member To Class: ClassName=U_BMS_PowerManagement Member=Component Current Protector600 ST890CDR
Added Member To Class: ClassName=U_BMS_PowerManagement Member=Component D600 Green LED
Added Member To Class: ClassName=U_BMS_PowerManagement Member=Component D601 Green LED
Added Member To Class: ClassName=U_BMS_PowerManagement Member=Component D602 Green LED
Added Member To Class: ClassName=U_BMS_PowerManagement Member=Component DC/DC ISO600 Isolated5VDC/DC
Added Member To Class: ClassName=U_BMS_PowerManagement Member=Component Fault600 Red LED
Added Member To Class: ClassName=U_BMS_PowerManagement Member=Component R600 Res1
Added Member To Class: ClassName=U_BMS_PowerManagement Member=Component R601 Res1
Added Member To Class: ClassName=U_BMS_PowerManagement Member=Component R602 Res1
Added Member To Class: ClassName=U_BMS_PowerManagement Member=Component R603 Res1
Added Member To Class: ClassName=U_BMS_PowerManagement Member=Component R604 Res1
Added Member To Class: ClassName=U_BMS_PowerManagement Member=Component R605 Res1
Added Member To Class: ClassName=U_BMS_PowerManagement Member=Component R606 Res1
Added Member To Class: ClassName=U_BMS_PowerManagement Member=Component R607 Res1
Added Member To Class: ClassName=U_BMS_CAN Member=Component R_Term500 Res1
Added Member To Class: ClassName=U_BMS_CAN Member=Component R_Term501 Res1
Added Room: Name=BMS_Main
Added Room: Name=CELL1
Added Room: Name=CELL2
Added Room: Name=CELL3
Added Room: Name=CELL4
Added Room: Name=CELL5
Added Room: Name=CELL6
Added Room: Name=CELL7
Added Room: Name=CELL8
Added Room: Name=CELL9
Added Room: Name=CELL10
Added Room: Name=CELL11
Added Room: Name=CELL12
Added Room: Name=U_BMS_BatteryStackMonitor
Added Room: Name=U_BMS_BatteryThermistors
Added Room: Name=U_BMS_CAN
Added Room: Name=U_BMS_Microcontroller
Added Room: Name=U_BMS_PowerManagement
Added Room: Name=U_BMS_SafetyCircuit
