Change Net Name : Old Net Name=NetSW100_8 New Net Name=Cells.Cell_6
Change Net Name : Old Net Name=NetSW100_9 New Net Name=Cells.Cell_7
Change Net Name : Old Net Name=NetSW100_10 New Net Name=Cells.Cell_8
Change Net Name : Old Net Name=NetSW100_11 New Net Name=Cells.Cell_9
Change Net Name : Old Net Name=NetSW100_12 New Net Name=Cells.Cell_10
Change Net Name : Old Net Name=NetSW100_13 New Net Name=Cells.Cell_11
Change Net Name : Old Net Name=NetSW101_9 New Net Name=Cells.Cell_1
Change Net Name : Old Net Name=NetSW101_10 New Net Name=Cells.Cell_2
Change Net Name : Old Net Name=NetSW101_11 New Net Name=Cells.Cell_3
Change Net Name : Old Net Name=NetSW101_12 New Net Name=Cells.Cell_4
Change Net Name : Old Net Name=NetSW101_13 New Net Name=Cells.Cell_5
Added Room: Name=BMS_Main
Added Room: Name=CELL1
Added Room: Name=CELL2
Added Room: Name=CELL3
Added Room: Name=CELL4
Added Room: Name=CELL5
Added Room: Name=CELL6
Added Room: Name=CELL7
Added Room: Name=CELL8
Added Room: Name=CELL9
Added Room: Name=CELL10
Added Room: Name=CELL11
Added Room: Name=CELL12
Added Room: Name=U_BMS_BatteryStackMonitor
Added Room: Name=U_BMS_BatteryThermistors
Added Room: Name=U_BMS_CAN
Added Room: Name=U_BMS_Microcontroller
Added Room: Name=U_BMS_PowerManagement
Added Room: Name=U_BMS_SafetyCircuit
