Change Component Description : Designator=Q200_CELL1 Old Description=P-channel -30 V, 48 mO typICAL, -2 A STripFET™ H6 Power MOSFET in a SOT-23 package. New Description=P-channel -30 V, 48 mO typICAL, -2 A STripFET™ H6 Power MOSFET in a SOT-23 package.
Change Component Description : Designator=Q200_CELL2 Old Description=P-channel -30 V, 48 mO typICAL, -2 A STripFET™ H6 Power MOSFET in a SOT-23 package. New Description=P-channel -30 V, 48 mO typICAL, -2 A STripFET™ H6 Power MOSFET in a SOT-23 package.
Change Component Description : Designator=Q200_CELL3 Old Description=P-channel -30 V, 48 mO typICAL, -2 A STripFET™ H6 Power MOSFET in a SOT-23 package. New Description=P-channel -30 V, 48 mO typICAL, -2 A STripFET™ H6 Power MOSFET in a SOT-23 package.
Change Component Description : Designator=Q200_CELL4 Old Description=P-channel -30 V, 48 mO typICAL, -2 A STripFET™ H6 Power MOSFET in a SOT-23 package. New Description=P-channel -30 V, 48 mO typICAL, -2 A STripFET™ H6 Power MOSFET in a SOT-23 package.
Change Component Description : Designator=Q200_CELL5 Old Description=P-channel -30 V, 48 mO typICAL, -2 A STripFET™ H6 Power MOSFET in a SOT-23 package. New Description=P-channel -30 V, 48 mO typICAL, -2 A STripFET™ H6 Power MOSFET in a SOT-23 package.
Change Component Description : Designator=Q200_CELL6 Old Description=P-channel -30 V, 48 mO typICAL, -2 A STripFET™ H6 Power MOSFET in a SOT-23 package. New Description=P-channel -30 V, 48 mO typICAL, -2 A STripFET™ H6 Power MOSFET in a SOT-23 package.
Change Component Description : Designator=Q200_CELL7 Old Description=P-channel -30 V, 48 mO typICAL, -2 A STripFET™ H6 Power MOSFET in a SOT-23 package. New Description=P-channel -30 V, 48 mO typICAL, -2 A STripFET™ H6 Power MOSFET in a SOT-23 package.
Change Component Description : Designator=Q200_CELL8 Old Description=P-channel -30 V, 48 mO typICAL, -2 A STripFET™ H6 Power MOSFET in a SOT-23 package. New Description=P-channel -30 V, 48 mO typICAL, -2 A STripFET™ H6 Power MOSFET in a SOT-23 package.
Change Component Description : Designator=Q200_CELL9 Old Description=P-channel -30 V, 48 mO typICAL, -2 A STripFET™ H6 Power MOSFET in a SOT-23 package. New Description=P-channel -30 V, 48 mO typICAL, -2 A STripFET™ H6 Power MOSFET in a SOT-23 package.
Change Component Description : Designator=Q200_CELL10 Old Description=P-channel -30 V, 48 mO typICAL, -2 A STripFET™ H6 Power MOSFET in a SOT-23 package. New Description=P-channel -30 V, 48 mO typICAL, -2 A STripFET™ H6 Power MOSFET in a SOT-23 package.
Change Component Description : Designator=Q200_CELL11 Old Description=P-channel -30 V, 48 mO typICAL, -2 A STripFET™ H6 Power MOSFET in a SOT-23 package. New Description=P-channel -30 V, 48 mO typICAL, -2 A STripFET™ H6 Power MOSFET in a SOT-23 package.
Change Component Description : Designator=Q200_CELL12 Old Description=P-channel -30 V, 48 mO typICAL, -2 A STripFET™ H6 Power MOSFET in a SOT-23 package. New Description=P-channel -30 V, 48 mO typICAL, -2 A STripFET™ H6 Power MOSFET in a SOT-23 package.
Added Component: Designator=R205_CELL1(RESC1632X06N)
Add component. Clean all parameters for all variants
Added Component: Designator=R205_CELL2(RESC1632X06N)
Add component. Clean all parameters for all variants
Added Component: Designator=R205_CELL3(RESC1632X06N)
Add component. Clean all parameters for all variants
Added Component: Designator=R205_CELL4(RESC1632X06N)
Add component. Clean all parameters for all variants
Added Component: Designator=R205_CELL5(RESC1632X06N)
Add component. Clean all parameters for all variants
Added Component: Designator=R205_CELL6(RESC1632X06N)
Add component. Clean all parameters for all variants
Added Component: Designator=R205_CELL7(RESC1632X06N)
Add component. Clean all parameters for all variants
Added Component: Designator=R205_CELL8(RESC1632X06N)
Add component. Clean all parameters for all variants
Added Component: Designator=R205_CELL9(RESC1632X06N)
Add component. Clean all parameters for all variants
Added Component: Designator=R205_CELL10(RESC1632X06N)
Add component. Clean all parameters for all variants
Added Component: Designator=R205_CELL11(RESC1632X06N)
Add component. Clean all parameters for all variants
Added Component: Designator=R205_CELL12(RESC1632X06N)
Add component. Clean all parameters for all variants
Added Component: Designator=R206_CELL1(RESC1632X06N)
Add component. Clean all parameters for all variants
Added Component: Designator=R206_CELL2(RESC1632X06N)
Add component. Clean all parameters for all variants
Added Component: Designator=R206_CELL3(RESC1632X06N)
Add component. Clean all parameters for all variants
Added Component: Designator=R206_CELL4(RESC1632X06N)
Add component. Clean all parameters for all variants
Added Component: Designator=R206_CELL5(RESC1632X06N)
Add component. Clean all parameters for all variants
Added Component: Designator=R206_CELL6(RESC1632X06N)
Add component. Clean all parameters for all variants
Added Component: Designator=R206_CELL7(RESC1632X06N)
Add component. Clean all parameters for all variants
Added Component: Designator=R206_CELL8(RESC1632X06N)
Add component. Clean all parameters for all variants
Added Component: Designator=R206_CELL9(RESC1632X06N)
Add component. Clean all parameters for all variants
Added Component: Designator=R206_CELL10(RESC1632X06N)
Add component. Clean all parameters for all variants
Added Component: Designator=R206_CELL11(RESC1632X06N)
Add component. Clean all parameters for all variants
Added Component: Designator=R206_CELL12(RESC1632X06N)
Add component. Clean all parameters for all variants
Added Pin To Net: NetName=NetL200_CELL1_2 Pin=R205_CELL1-1
Added Pin To Net: NetName=NetD200_CELL1_1 Pin=R205_CELL1-2
Added Pin To Net: NetName=NetL200_CELL2_2 Pin=R205_CELL2-1
Added Pin To Net: NetName=NetD200_CELL2_1 Pin=R205_CELL2-2
Added Pin To Net: NetName=NetL200_CELL3_2 Pin=R205_CELL3-1
Added Pin To Net: NetName=NetD200_CELL3_1 Pin=R205_CELL3-2
Added Pin To Net: NetName=NetL200_CELL4_2 Pin=R205_CELL4-1
Added Pin To Net: NetName=NetD200_CELL4_1 Pin=R205_CELL4-2
Added Pin To Net: NetName=NetL200_CELL5_2 Pin=R205_CELL5-1
Added Pin To Net: NetName=NetD200_CELL5_1 Pin=R205_CELL5-2
Added Pin To Net: NetName=NetL200_CELL6_2 Pin=R205_CELL6-1
Added Pin To Net: NetName=NetD200_CELL6_1 Pin=R205_CELL6-2
Added Pin To Net: NetName=NetL200_CELL7_2 Pin=R205_CELL7-1
Added Pin To Net: NetName=NetD200_CELL7_1 Pin=R205_CELL7-2
Added Pin To Net: NetName=NetL200_CELL8_2 Pin=R205_CELL8-1
Added Pin To Net: NetName=NetD200_CELL8_1 Pin=R205_CELL8-2
Added Pin To Net: NetName=NetL200_CELL9_2 Pin=R205_CELL9-1
Added Pin To Net: NetName=NetD200_CELL9_1 Pin=R205_CELL9-2
Added Pin To Net: NetName=NetL200_CELL10_2 Pin=R205_CELL10-1
Added Pin To Net: NetName=NetD200_CELL10_1 Pin=R205_CELL10-2
Added Pin To Net: NetName=NetL200_CELL11_2 Pin=R205_CELL11-1
Added Pin To Net: NetName=NetD200_CELL11_1 Pin=R205_CELL11-2
Added Pin To Net: NetName=NetL200_CELL12_2 Pin=R205_CELL12-1
Added Pin To Net: NetName=NetD200_CELL12_1 Pin=R205_CELL12-2
Added Pin To Net: NetName=NetL200_CELL1_2 Pin=R206_CELL1-1
Added Pin To Net: NetName=NetD200_CELL1_1 Pin=R206_CELL1-2
Added Pin To Net: NetName=NetL200_CELL2_2 Pin=R206_CELL2-1
Added Pin To Net: NetName=NetD200_CELL2_1 Pin=R206_CELL2-2
Added Pin To Net: NetName=NetL200_CELL3_2 Pin=R206_CELL3-1
Added Pin To Net: NetName=NetD200_CELL3_1 Pin=R206_CELL3-2
Added Pin To Net: NetName=NetL200_CELL4_2 Pin=R206_CELL4-1
Added Pin To Net: NetName=NetD200_CELL4_1 Pin=R206_CELL4-2
Added Pin To Net: NetName=NetL200_CELL5_2 Pin=R206_CELL5-1
Added Pin To Net: NetName=NetD200_CELL5_1 Pin=R206_CELL5-2
Added Pin To Net: NetName=NetL200_CELL6_2 Pin=R206_CELL6-1
Added Pin To Net: NetName=NetD200_CELL6_1 Pin=R206_CELL6-2
Added Pin To Net: NetName=NetL200_CELL7_2 Pin=R206_CELL7-1
Added Pin To Net: NetName=NetD200_CELL7_1 Pin=R206_CELL7-2
Added Pin To Net: NetName=NetL200_CELL8_2 Pin=R206_CELL8-1
Added Pin To Net: NetName=NetD200_CELL8_1 Pin=R206_CELL8-2
Added Pin To Net: NetName=NetL200_CELL9_2 Pin=R206_CELL9-1
Added Pin To Net: NetName=NetD200_CELL9_1 Pin=R206_CELL9-2
Added Pin To Net: NetName=NetL200_CELL10_2 Pin=R206_CELL10-1
Added Pin To Net: NetName=NetD200_CELL10_1 Pin=R206_CELL10-2
Added Pin To Net: NetName=NetL200_CELL11_2 Pin=R206_CELL11-1
Added Pin To Net: NetName=NetD200_CELL11_1 Pin=R206_CELL11-2
Added Pin To Net: NetName=NetL200_CELL12_2 Pin=R206_CELL12-1
Added Pin To Net: NetName=NetD200_CELL12_1 Pin=R206_CELL12-2
Change Net Name : Old Net Name=?0 New Net Name=?0
Change Net Name : Old Net Name=?1 New Net Name=?1
Change Net Name : Old Net Name=?2 New Net Name=?2
Change Net Name : Old Net Name=?3 New Net Name=?3
Added Member To Class: ClassName=CELL1 Member=Component R205_CELL1 (R205) R Discharge
Added Member To Class: ClassName=CELL2 Member=Component R205_CELL2 (R205) R Discharge
Added Member To Class: ClassName=CELL3 Member=Component R205_CELL3 (R205) R Discharge
Added Member To Class: ClassName=CELL4 Member=Component R205_CELL4 (R205) R Discharge
Added Member To Class: ClassName=CELL5 Member=Component R205_CELL5 (R205) R Discharge
Added Member To Class: ClassName=CELL6 Member=Component R205_CELL6 (R205) R Discharge
Added Member To Class: ClassName=CELL7 Member=Component R205_CELL7 (R205) R Discharge
Added Member To Class: ClassName=CELL8 Member=Component R205_CELL8 (R205) R Discharge
Added Member To Class: ClassName=CELL9 Member=Component R205_CELL9 (R205) R Discharge
Added Member To Class: ClassName=CELL10 Member=Component R205_CELL10 (R205) R Discharge
Added Member To Class: ClassName=CELL11 Member=Component R205_CELL11 (R205) R Discharge
Added Member To Class: ClassName=CELL12 Member=Component R205_CELL12 (R205) R Discharge
Added Member To Class: ClassName=CELL1 Member=Component R206_CELL1 (R206) R Discharge
Added Member To Class: ClassName=CELL2 Member=Component R206_CELL2 (R206) R Discharge
Added Member To Class: ClassName=CELL3 Member=Component R206_CELL3 (R206) R Discharge
Added Member To Class: ClassName=CELL4 Member=Component R206_CELL4 (R206) R Discharge
Added Member To Class: ClassName=CELL5 Member=Component R206_CELL5 (R206) R Discharge
Added Member To Class: ClassName=CELL6 Member=Component R206_CELL6 (R206) R Discharge
Added Member To Class: ClassName=CELL7 Member=Component R206_CELL7 (R206) R Discharge
Added Member To Class: ClassName=CELL8 Member=Component R206_CELL8 (R206) R Discharge
Added Member To Class: ClassName=CELL9 Member=Component R206_CELL9 (R206) R Discharge
Added Member To Class: ClassName=CELL10 Member=Component R206_CELL10 (R206) R Discharge
Added Member To Class: ClassName=CELL11 Member=Component R206_CELL11 (R206) R Discharge
Added Member To Class: ClassName=CELL12 Member=Component R206_CELL12 (R206) R Discharge
Added Room: Name=BMS_Main
Added Room: Name=CELL1
Added Room: Name=CELL2
Added Room: Name=CELL3
Added Room: Name=CELL4
Added Room: Name=CELL5
Added Room: Name=CELL6
Added Room: Name=CELL7
Added Room: Name=CELL8
Added Room: Name=CELL9
Added Room: Name=CELL10
Added Room: Name=CELL11
Added Room: Name=CELL12
Added Room: Name=U_BMS_BatteryStackMonitor
Added Room: Name=U_BMS_BatteryThermistors
Added Room: Name=U_BMS_CAN
Added Room: Name=U_BMS_Microcontroller
Added Room: Name=U_BMS_PowerManagement
Added Room: Name=U_BMS_SafetyCircuit
