Added Pin To Net: NetName=NetL200_CELL1_2 Pin=L200_CELL2-1
Added Pin To Net: NetName=CN4 Pin=L200_CELL2-2
Added Pin To Net: NetName=CN5 Pin=L200_CELL3-2
Added Pin To Net: NetName=CN6 Pin=L200_CELL4-2
Added Pin To Net: NetName=CN7 Pin=L200_CELL5-2
Added Pin To Net: NetName=NetL200_CELL6_2 Pin=L200_CELL7-1
Added Pin To Net: NetName=NetL200_CELL7_2 Pin=L200_CELL8-1
Added Pin To Net: NetName=NetL200_CELL8_2 Pin=L200_CELL9-1
Added Pin To Net: NetName=NetL200_CELL9_2 Pin=L200_CELL10-1
Added Pin To Net: NetName=NetL200_CELL10_2 Pin=L200_CELL11-1
Added Pin To Net: NetName=CP12 Pin=L200_CELL11-2
Added Pin To Net: NetName=CN4 Pin=Q200_CELL2-2
Added Pin To Net: NetName=CN5 Pin=Q200_CELL3-2
Added Pin To Net: NetName=CN6 Pin=Q200_CELL4-2
Added Pin To Net: NetName=CN7 Pin=Q200_CELL5-2
Added Pin To Net: NetName=CP12 Pin=Q200_CELL11-2
Added Pin To Net: NetName=NetL200_CELL1_2 Pin=R200_CELL3-1
Added Pin To Net: NetName=NetL200_CELL6_2 Pin=R200_CELL8-1
Added Pin To Net: NetName=NetL200_CELL7_2 Pin=R200_CELL9-1
Added Pin To Net: NetName=NetL200_CELL8_2 Pin=R200_CELL10-1
Added Pin To Net: NetName=NetL200_CELL9_2 Pin=R200_CELL11-1
Added Pin To Net: NetName=NetL200_CELL10_2 Pin=R200_CELL12-1
Added Pin To Net: NetName=NetL200_CELL1_2 Pin=R201_CELL3-1
Added Pin To Net: NetName=NetL200_CELL6_2 Pin=R201_CELL8-1
Added Pin To Net: NetName=NetL200_CELL7_2 Pin=R201_CELL9-1
Added Pin To Net: NetName=NetL200_CELL8_2 Pin=R201_CELL10-1
Added Pin To Net: NetName=NetL200_CELL9_2 Pin=R201_CELL11-1
Added Pin To Net: NetName=NetL200_CELL10_2 Pin=R201_CELL12-1
Added Pin To Net: NetName=CN4 Pin=R202_CELL2-2
Added Pin To Net: NetName=CN5 Pin=R202_CELL3-2
Added Pin To Net: NetName=CN6 Pin=R202_CELL4-2
Added Pin To Net: NetName=CN7 Pin=R202_CELL5-2
Added Pin To Net: NetName=CP12 Pin=R202_CELL11-2
Added Pin To Net: NetName=CN4 Pin=R203_CELL2-2
Added Pin To Net: NetName=CN5 Pin=R203_CELL3-2
Added Pin To Net: NetName=CN6 Pin=R203_CELL4-2
Added Pin To Net: NetName=CN7 Pin=R203_CELL5-2
Added Pin To Net: NetName=CP12 Pin=R203_CELL11-2
Added Pin To Net: NetName=NetL200_CELL1_2 Pin=SW101-3
Added Pin To Net: NetName=NetL200_CELL6_2 Pin=SW?-2
Added Pin To Net: NetName=NetL200_CELL7_2 Pin=SW?-3
Added Pin To Net: NetName=NetL200_CELL8_2 Pin=SW?-4
Added Pin To Net: NetName=NetL200_CELL9_2 Pin=SW?-5
Added Pin To Net: NetName=NetL200_CELL10_2 Pin=SW?-6
Change Net Name : Old Net Name=NetL200_CELL1_2 New Net Name=CN3
Change Net Name : Old Net Name=NetL200_CELL6_2 New Net Name=CN8
Change Net Name : Old Net Name=NetL200_CELL7_2 New Net Name=CN9
Change Net Name : Old Net Name=NetL200_CELL8_2 New Net Name=CN10
Change Net Name : Old Net Name=NetL200_CELL9_2 New Net Name=CN11
Change Net Name : Old Net Name=NetL200_CELL10_2 New Net Name=CN12
Change Net Name : Old Net Name=NetL200_CELL12_2 New Net Name=CPP12
Added Class: Name=CPP[1..11]
Added Room: Name=BMS_Main
Added Room: Name=CELL1
Added Room: Name=CELL2
Added Room: Name=CELL3
Added Room: Name=CELL4
Added Room: Name=CELL5
Added Room: Name=CELL6
Added Room: Name=CELL7
Added Room: Name=CELL8
Added Room: Name=CELL9
Added Room: Name=CELL10
Added Room: Name=CELL11
Added Room: Name=CELL12
Added Room: Name=U_BMS_BatteryStackMonitor
Added Room: Name=U_BMS_BatteryThermistors
Added Room: Name=U_BMS_CAN
Added Room: Name=U_BMS_Microcontroller
Added Room: Name=U_BMS_PowerManagement
Added Room: Name=U_BMS_SafetyCircuit
