Removed Pin From Net: NetName=CM1 Pin=SW101-1
Removed Pin From Net: NetName=CN2 Pin=SW101-2
Removed Pin From Net: NetName=CN3 Pin=SW101-3
Removed Pin From Net: NetName=CN5 Pin=SW101-5
Removed Pin From Net: NetName=CN6 Pin=SW101-6
Removed Pin From Net: NetName=CN7 Pin=SW101-7
Removed Pin From Net: NetName=CF6 Pin=SW101-8
Removed Pin From Net: NetName=CF5 Pin=SW101-9
Removed Pin From Net: NetName=CF4 Pin=SW101-10
Removed Pin From Net: NetName=CF2 Pin=SW101-12
Removed Pin From Net: NetName=CF1 Pin=SW101-13
Removed Pin From Net: NetName=CF0 Pin=SW101-14
Added Pin To Net: NetName=CN7 Pin=SW101-1
Added Pin To Net: NetName=CN6 Pin=SW101-2
Added Pin To Net: NetName=CN5 Pin=SW101-3
Added Pin To Net: NetName=CN3 Pin=SW101-5
Added Pin To Net: NetName=CN2 Pin=SW101-6
Added Pin To Net: NetName=CM1 Pin=SW101-7
Added Pin To Net: NetName=CF0 Pin=SW101-8
Added Pin To Net: NetName=CF1 Pin=SW101-9
Added Pin To Net: NetName=CF2 Pin=SW101-10
Added Pin To Net: NetName=CF4 Pin=SW101-12
Added Pin To Net: NetName=CF5 Pin=SW101-13
Added Pin To Net: NetName=CF6 Pin=SW101-14
Added Room: Name=BMS_Main
Added Room: Name=CELL1
Added Room: Name=CELL2
Added Room: Name=CELL3
Added Room: Name=CELL4
Added Room: Name=CELL5
Added Room: Name=CELL6
Added Room: Name=CELL7
Added Room: Name=CELL8
Added Room: Name=CELL9
Added Room: Name=CELL10
Added Room: Name=CELL11
Added Room: Name=CELL12
Added Room: Name=U_BMS_BatteryStackMonitor
Added Room: Name=U_BMS_BatteryThermistors
Added Room: Name=U_BMS_CAN
Added Room: Name=U_BMS_Microcontroller
Added Room: Name=U_BMS_PowerManagement
Added Room: Name=U_BMS_SafetyCircuit
