Removed Member From Class: ClassName=C[1..12] Member=CN1
Change Component Description : Designator=Q200_CELL1 Old Description=P-channel -30 V, 48 mO typICAL, -2 A STripFET™ H6 Power MOSFET in a SOT-23 package. New Description=P-channel -30 V, 48 mO typICAL, -2 A STripFET™ H6 Power MOSFET in a SOT-23 package.
Change Component Description : Designator=Q200_CELL2 Old Description=P-channel -30 V, 48 mO typICAL, -2 A STripFET™ H6 Power MOSFET in a SOT-23 package. New Description=P-channel -30 V, 48 mO typICAL, -2 A STripFET™ H6 Power MOSFET in a SOT-23 package.
Change Component Description : Designator=Q200_CELL3 Old Description=P-channel -30 V, 48 mO typICAL, -2 A STripFET™ H6 Power MOSFET in a SOT-23 package. New Description=P-channel -30 V, 48 mO typICAL, -2 A STripFET™ H6 Power MOSFET in a SOT-23 package.
Change Component Description : Designator=Q200_CELL4 Old Description=P-channel -30 V, 48 mO typICAL, -2 A STripFET™ H6 Power MOSFET in a SOT-23 package. New Description=P-channel -30 V, 48 mO typICAL, -2 A STripFET™ H6 Power MOSFET in a SOT-23 package.
Change Component Description : Designator=Q200_CELL5 Old Description=P-channel -30 V, 48 mO typICAL, -2 A STripFET™ H6 Power MOSFET in a SOT-23 package. New Description=P-channel -30 V, 48 mO typICAL, -2 A STripFET™ H6 Power MOSFET in a SOT-23 package.
Change Component Description : Designator=Q200_CELL6 Old Description=P-channel -30 V, 48 mO typICAL, -2 A STripFET™ H6 Power MOSFET in a SOT-23 package. New Description=P-channel -30 V, 48 mO typICAL, -2 A STripFET™ H6 Power MOSFET in a SOT-23 package.
Change Component Description : Designator=Q200_CELL7 Old Description=P-channel -30 V, 48 mO typICAL, -2 A STripFET™ H6 Power MOSFET in a SOT-23 package. New Description=P-channel -30 V, 48 mO typICAL, -2 A STripFET™ H6 Power MOSFET in a SOT-23 package.
Change Component Description : Designator=Q200_CELL8 Old Description=P-channel -30 V, 48 mO typICAL, -2 A STripFET™ H6 Power MOSFET in a SOT-23 package. New Description=P-channel -30 V, 48 mO typICAL, -2 A STripFET™ H6 Power MOSFET in a SOT-23 package.
Change Component Description : Designator=Q200_CELL9 Old Description=P-channel -30 V, 48 mO typICAL, -2 A STripFET™ H6 Power MOSFET in a SOT-23 package. New Description=P-channel -30 V, 48 mO typICAL, -2 A STripFET™ H6 Power MOSFET in a SOT-23 package.
Change Component Description : Designator=Q200_CELL10 Old Description=P-channel -30 V, 48 mO typICAL, -2 A STripFET™ H6 Power MOSFET in a SOT-23 package. New Description=P-channel -30 V, 48 mO typICAL, -2 A STripFET™ H6 Power MOSFET in a SOT-23 package.
Change Component Description : Designator=Q200_CELL11 Old Description=P-channel -30 V, 48 mO typICAL, -2 A STripFET™ H6 Power MOSFET in a SOT-23 package. New Description=P-channel -30 V, 48 mO typICAL, -2 A STripFET™ H6 Power MOSFET in a SOT-23 package.
Change Component Description : Designator=Q200_CELL12 Old Description=P-channel -30 V, 48 mO typICAL, -2 A STripFET™ H6 Power MOSFET in a SOT-23 package. New Description=P-channel -30 V, 48 mO typICAL, -2 A STripFET™ H6 Power MOSFET in a SOT-23 package.
Added Component: Designator=H704(ThermistorConnector)
Add component. Clean all parameters for all variants
Added Component: Designator=R704(RESC2012X07N)
Add component. Clean all parameters for all variants
Add component (AddParameter): Name = "LatestRevisionDate"; Value = "17-Jul-2002"; VariantName = "[No Variations]"
Add component (AddParameter): Name = "LatestRevisionNote"; Value = "Re-released for DXP Platform."; VariantName = "[No Variations]"
Add component (AddParameter): Name = "PackageDescription"; Value = "Axial Device, Thru-Hole; 2 Leads; 0.3 in Pin Spacing"; VariantName = "[No Variations]"
Add component (AddParameter): Name = "PackageReference"; Value = "AXIAL-0.3"; VariantName = "[No Variations]"
Add component (AddParameter): Name = "Published"; Value = "8-Jun-2000"; VariantName = "[No Variations]"
Add component (AddParameter): Name = "Publisher"; Value = "Altium Limited"; VariantName = "[No Variations]"
Add component (AddParameter): Name = "Value"; Value = "10k"; VariantName = "[No Variations]"
Added Pin To Net: NetName=GND Pin=H704-2
Added Pin To Net: NetName=3.3V Pin=R700-2
Added Pin To Net: NetName=3.3V Pin=R701-2
Added Pin To Net: NetName=3.3V Pin=R702-2
Added Pin To Net: NetName=3.3V Pin=R703-2
Added Pin To Net: NetName=3.3V Pin=R704-2
Change Net Name : Old Net Name=?0 New Net Name=?0
Change Net Name : Old Net Name=?1 New Net Name=?1
Change Net Name : Old Net Name=?2 New Net Name=?2
Change Net Name : Old Net Name=?3 New Net Name=?3
Added Pin To Net: NetName=Batt_Therm_5 Pin=H704-1
Added Pin To Net: NetName=Batt_Therm_5 Pin=MCU400-20
Added Pin To Net: NetName=Batt_Therm_5 Pin=R704-1
Added Net: Name=Batt_Therm_5
Added Member To Class: ClassName=CELL1 Member=Component D201_CELL1 (D201) D Zener 6.8V
Added Member To Class: ClassName=CELL2 Member=Component D201_CELL2 (D201) D Zener 6.8V
Added Member To Class: ClassName=CELL3 Member=Component D201_CELL3 (D201) D Zener 6.8V
Added Member To Class: ClassName=CELL4 Member=Component D201_CELL4 (D201) D Zener 6.8V
Added Member To Class: ClassName=CELL5 Member=Component D201_CELL5 (D201) D Zener 6.8V
Added Member To Class: ClassName=CELL6 Member=Component D201_CELL6 (D201) D Zener 6.8V
Added Member To Class: ClassName=CELL7 Member=Component D201_CELL7 (D201) D Zener 6.8V
Added Member To Class: ClassName=CELL8 Member=Component D201_CELL8 (D201) D Zener 6.8V
Added Member To Class: ClassName=CELL9 Member=Component D201_CELL9 (D201) D Zener 6.8V
Added Member To Class: ClassName=CELL10 Member=Component D201_CELL10 (D201) D Zener 6.8V
Added Member To Class: ClassName=CELL11 Member=Component D201_CELL11 (D201) D Zener 6.8V
Added Member To Class: ClassName=CELL12 Member=Component D201_CELL12 (D201) D Zener 6.8V
Added Member To Class: ClassName=U_BMS_SafetyCircuit Member=Component F100 SFP200F
Added Member To Class: ClassName=U_BMS_SafetyCircuit Member=Component F112 SFP200F
Added Member To Class: ClassName=U_BMS_BatteryThermistors Member=Component H704 Molex 2-pin
Added Member To Class: ClassName=U_BMS_BatteryThermistors Member=Component R704 R0805
Added Room: Name=BMS_Main
Added Room: Name=CELL1
Added Room: Name=CELL2
Added Room: Name=CELL3
Added Room: Name=CELL4
Added Room: Name=CELL5
Added Room: Name=CELL6
Added Room: Name=CELL7
Added Room: Name=CELL8
Added Room: Name=CELL9
Added Room: Name=CELL10
Added Room: Name=CELL11
Added Room: Name=CELL12
Added Room: Name=U_BMS_BatteryStackMonitor
Added Room: Name=U_BMS_BatteryThermistors
Added Room: Name=U_BMS_CAN
Added Room: Name=U_BMS_Microcontroller
Added Room: Name=U_BMS_PowerManagement
Added Room: Name=U_BMS_SafetyCircuit
