Removed Member From Class: ClassName=CN[1..12] Member=CN1
Added Pin To Net: NetName=C0 Pin=L200_CELL1-1
Added Pin To Net: NetName=BATT+ Pin=L300-1
Added Pin To Net: NetName=CN7 Pin=SW100-1
Added Pin To Net: NetName=CN8 Pin=SW100-2
Added Pin To Net: NetName=CN9 Pin=SW100-3
Added Pin To Net: NetName=CN10 Pin=SW100-4
Added Pin To Net: NetName=CN11 Pin=SW100-5
Added Pin To Net: NetName=CN12 Pin=SW100-6
Added Pin To Net: NetName=CN2 Pin=SW101-2
Added Pin To Net: NetName=CN3 Pin=SW101-3
Added Pin To Net: NetName=CN4 Pin=SW101-4
Added Pin To Net: NetName=CN5 Pin=SW101-5
Added Pin To Net: NetName=CN6 Pin=SW101-6
Added Pin To Net: NetName=CN7 Pin=SW101-7
Added Room: Name=BMS_Main
Added Room: Name=CELL1
Added Room: Name=CELL2
Added Room: Name=CELL3
Added Room: Name=CELL4
Added Room: Name=CELL5
Added Room: Name=CELL6
Added Room: Name=CELL7
Added Room: Name=CELL8
Added Room: Name=CELL9
Added Room: Name=CELL10
Added Room: Name=CELL11
Added Room: Name=CELL12
Added Room: Name=U_BMS_BatteryStackMonitor
Added Room: Name=U_BMS_BatteryThermistors
Added Room: Name=U_BMS_CAN
Added Room: Name=U_BMS_Microcontroller
Added Room: Name=U_BMS_PowerManagement
Added Room: Name=U_BMS_SafetyCircuit
