Added Pin To Net: NetName=S1 Pin=R204_CELL1-1
Added Pin To Net: NetName=S2 Pin=R204_CELL2-1
Added Pin To Net: NetName=S3 Pin=R204_CELL3-1
Added Pin To Net: NetName=S4 Pin=R204_CELL4-1
Added Pin To Net: NetName=S5 Pin=R204_CELL5-1
Added Pin To Net: NetName=S6 Pin=R204_CELL6-1
Added Pin To Net: NetName=S7 Pin=R204_CELL7-1
Added Pin To Net: NetName=S8 Pin=R204_CELL8-1
Added Pin To Net: NetName=S9 Pin=R204_CELL9-1
Added Pin To Net: NetName=S10 Pin=R204_CELL10-1
Added Pin To Net: NetName=S11 Pin=R204_CELL11-1
Added Pin To Net: NetName=S12 Pin=R204_CELL12-1
Added Pin To Net: NetName=C_CELL12 Pin=U300-2
Added Pin To Net: NetName=C_CELL11 Pin=U300-4
Added Pin To Net: NetName=C_CELL10 Pin=U300-6
Added Pin To Net: NetName=C_CELL9 Pin=U300-8
Added Pin To Net: NetName=C_CELL8 Pin=U300-10
Added Pin To Net: NetName=C_CELL7 Pin=U300-12
Added Pin To Net: NetName=C_CELL6 Pin=U300-14
Added Pin To Net: NetName=C_CELL5 Pin=U300-16
Added Pin To Net: NetName=C_CELL4 Pin=U300-18
Added Pin To Net: NetName=C_CELL3 Pin=U300-20
Added Pin To Net: NetName=C_CELL2 Pin=U300-22
Added Pin To Net: NetName=C_CELL1 Pin=U300-24
Change Net Name : Old Net Name=C-1_CELL1 New Net Name=CM1
Change Net Name : Old Net Name=C-1_CELL2 New Net Name=CM2
Change Net Name : Old Net Name=C-1_CELL3 New Net Name=CM3
Change Net Name : Old Net Name=C-1_CELL4 New Net Name=CM4
Change Net Name : Old Net Name=C-1_CELL5 New Net Name=CM5
Change Net Name : Old Net Name=C-1_CELL6 New Net Name=CM6
Change Net Name : Old Net Name=C-1_CELL7 New Net Name=CM7
Change Net Name : Old Net Name=C-1_CELL8 New Net Name=CM8
Change Net Name : Old Net Name=C-1_CELL9 New Net Name=CM9
Change Net Name : Old Net Name=C-1_CELL10 New Net Name=CM10
Change Net Name : Old Net Name=C-1_CELL11 New Net Name=CM11
Change Net Name : Old Net Name=C-1_CELL12 New Net Name=CM12
Change Net Name : Old Net Name=C_CELL1 New Net Name=C1
Change Net Name : Old Net Name=C_CELL2 New Net Name=C2
Change Net Name : Old Net Name=C_CELL3 New Net Name=C3
Change Net Name : Old Net Name=C_CELL4 New Net Name=C4
Change Net Name : Old Net Name=C_CELL5 New Net Name=C5
Change Net Name : Old Net Name=C_CELL6 New Net Name=C6
Change Net Name : Old Net Name=C_CELL7 New Net Name=C7
Change Net Name : Old Net Name=C_CELL8 New Net Name=C8
Change Net Name : Old Net Name=C_CELL9 New Net Name=C9
Change Net Name : Old Net Name=C_CELL10 New Net Name=C10
Change Net Name : Old Net Name=C_CELL11 New Net Name=C11
Change Net Name : Old Net Name=C_CELL12 New Net Name=C12
Added Room: Name=BMS_Main
Added Room: Name=CELL1
Added Room: Name=CELL2
Added Room: Name=CELL3
Added Room: Name=CELL4
Added Room: Name=CELL5
Added Room: Name=CELL6
Added Room: Name=CELL7
Added Room: Name=CELL8
Added Room: Name=CELL9
Added Room: Name=CELL10
Added Room: Name=CELL11
Added Room: Name=CELL12
Added Room: Name=U_BMS_BatteryStackMonitor
Added Room: Name=U_BMS_BatteryThermistors
Added Room: Name=U_BMS_CAN
Added Room: Name=U_BMS_Microcontroller
Added Room: Name=U_BMS_PowerManagement
Added Room: Name=U_BMS_SafetyCircuit
