Removed Member From Class: ClassName=CN[1..12] Member=CN1
Added Pin To Net: NetName=CN1 Pin=C201_CELL1-2
Added Pin To Net: NetName=C1 Pin=C201_CELL2-2
Added Pin To Net: NetName=C2 Pin=C201_CELL3-2
Added Pin To Net: NetName=C3 Pin=C201_CELL4-2
Added Pin To Net: NetName=C4 Pin=C201_CELL5-2
Added Pin To Net: NetName=C5 Pin=C201_CELL6-2
Added Pin To Net: NetName=C6 Pin=C201_CELL7-2
Added Pin To Net: NetName=C7 Pin=C201_CELL8-2
Added Pin To Net: NetName=C8 Pin=C201_CELL9-2
Added Pin To Net: NetName=C9 Pin=C201_CELL10-2
Added Pin To Net: NetName=C10 Pin=C201_CELL11-2
Added Pin To Net: NetName=C11 Pin=C201_CELL12-2
Change Net Name : Old Net Name=CN1 New Net Name=CM1
Change Class Name : Old Net Name=C[0..12] New Net Name=C[1..12]
Added Class: Name=CM[1..12]
Added Room: Name=BMS_Main
Added Room: Name=CELL1
Added Room: Name=CELL2
Added Room: Name=CELL3
Added Room: Name=CELL4
Added Room: Name=CELL5
Added Room: Name=CELL6
Added Room: Name=CELL7
Added Room: Name=CELL8
Added Room: Name=CELL9
Added Room: Name=CELL10
Added Room: Name=CELL11
Added Room: Name=CELL12
Added Room: Name=U_BMS_BatteryStackMonitor
Added Room: Name=U_BMS_BatteryThermistors
Added Room: Name=U_BMS_CAN
Added Room: Name=U_BMS_Microcontroller
Added Room: Name=U_BMS_PowerManagement
Added Room: Name=U_BMS_SafetyCircuit
