Removed Member From Class: ClassName=CN[1..12] Member=BATT+
Added Member To Class: ClassName=U_BMS_BatteryStackMonitor Member=Component L300 Ferrite Bead
Added Member To Class: ClassName=CN[1..12] Member=Element[3]: CN
Added Member To Class: ClassName=CN[1..12] Member=Element[4]: CN
Added Member To Class: ClassName=CN[1..12] Member=Element[5]: CN
Added Member To Class: ClassName=CN[1..12] Member=Element[6]: CN
Added Member To Class: ClassName=CN[1..12] Member=Element[12]: CN
Added Room: Name=BMS_Main
Added Room: Name=CELL1
Added Room: Name=CELL2
Added Room: Name=CELL3
Added Room: Name=CELL4
Added Room: Name=CELL5
Added Room: Name=CELL6
Added Room: Name=CELL7
Added Room: Name=CELL8
Added Room: Name=CELL9
Added Room: Name=CELL10
Added Room: Name=CELL11
Added Room: Name=CELL12
Added Room: Name=U_BMS_BatteryThermistors
Added Room: Name=U_BMS_CAN
Added Room: Name=U_BMS_Microcontroller
Added Room: Name=U_BMS_PowerManagement
Added Room: Name=U_BMS_SafetyCircuit
