Removed Pin From Net: NetName=5V Pin=3.3V Regulator-1
Removed Pin From Net: NetName=GND Pin=3.3V Regulator-2
Removed Pin From Net: NetName=5V Pin=3.3V Regulator-3
Removed Pin From Net: NetName=Net3.3V Regulator_4 Pin=3.3V Regulator-4
Removed Pin From Net: NetName=3.3V Pin=3.3V Regulator-5
Removed Pin From Net: NetName=5V_ISO Pin=C600-1
Removed Pin From Net: NetName=GND_ISO Pin=C600-2
Removed Pin From Net: NetName=+5V Pin=C601-1
Removed Pin From Net: NetName=GND Pin=C601-2
Removed Pin From Net: NetName=GND Pin=C602-1
Removed Pin From Net: NetName=+5V Pin=C602-2
Removed Pin From Net: NetName=5V Pin=C603-1
Removed Pin From Net: NetName=GND Pin=C603-2
Removed Pin From Net: NetName=GND Pin=C604-1
Removed Pin From Net: NetName=5V Pin=C604-2
Removed Pin From Net: NetName=3.3V Pin=C605-1
Removed Pin From Net: NetName=GND Pin=C605-2
Removed Pin From Net: NetName=+5V Pin=Current Protector600-1
Removed Pin From Net: NetName=+5V Pin=Current Protector600-2
Removed Pin From Net: NetName=NetCurrent Protector600_3 Pin=Current Protector600-3
Removed Pin From Net: NetName=GND Pin=Current Protector600-4
Removed Pin From Net: NetName=NetCurrent Protector600_5 Pin=Current Protector600-5
Removed Pin From Net: NetName=5V Pin=Current Protector600-6
Removed Pin From Net: NetName=5V Pin=Current Protector600-7
Removed Pin From Net: NetName=NetCurrent Protector600_8 Pin=Current Protector600-8
Removed Pin From Net: NetName=NetD600_1 Pin=D600-1
Removed Pin From Net: NetName=GND Pin=D600-2
Removed Pin From Net: NetName=NetD601_1 Pin=D601-1
Removed Pin From Net: NetName=GND Pin=D601-2
Removed Pin From Net: NetName=5V_ISO Pin=DC/DC ISO600-1
Removed Pin From Net: NetName=GND_ISO Pin=DC/DC ISO600-2
Removed Pin From Net: NetName=GND Pin=DC/DC ISO600-5
Removed Pin From Net: NetName=+5V Pin=DC/DC ISO600-7
Removed Pin From Net: NetName=NetFault600_1 Pin=Fault600-1
Removed Pin From Net: NetName=NetCurrent Protector600_8 Pin=Fault600-2
Removed Pin From Net: NetName=5V_ISO Pin=H1-1
Removed Pin From Net: NetName=5V_ISO Pin=H2-1
Removed Pin From Net: NetName=NetD600_1 Pin=R600-1
Removed Pin From Net: NetName=+5V Pin=R600-2
Removed Pin From Net: NetName=Voltage_Monitor Pin=R601-1
Removed Pin From Net: NetName=+5V Pin=R601-2
Removed Pin From Net: NetName=GND Pin=R602-1
Removed Pin From Net: NetName=Voltage_Monitor Pin=R602-2
Removed Pin From Net: NetName=GND Pin=R603-1
Removed Pin From Net: NetName=NetCurrent Protector600_3 Pin=R603-2
Removed Pin From Net: NetName=NetFault600_1 Pin=R604-1
Removed Pin From Net: NetName=+5V Pin=R604-2
Removed Pin From Net: NetName=GND Pin=R605-1
Removed Pin From Net: NetName=NetCurrent Protector600_5 Pin=R605-2
Removed Pin From Net: NetName=NetD601_1 Pin=R606-1
Removed Pin From Net: NetName=3.3V Pin=R606-2
Removed Member From Class: ClassName=U_BMS_Microcontroller Member=SC308
Removed Member From Class: ClassName=U_BMS_BatteryStackMonitor Member=SC401
Change Component Designator: OldDesignator=C_Term NewDesignator=C_Term500
Change Component Designator: OldDesignator=R_TermH NewDesignator=R_Term500
Change Component Designator: OldDesignator=R_TermL NewDesignator=R_Term501
Added Component: Designator=3.3V Regulator(SOT95P280X110-5N)
Add component. Clean all parameters for all variants
Added Component: Designator=5V Regulator(SOT230P700X180-4N)
Add component. Clean all parameters for all variants
Added Component: Designator=C600(CAPC2012X14N)
Add component. Clean all parameters for all variants
Add component (AddParameter): Name = "LatestRevisionDate"; Value = "17-Jul-2002"; VariantName = "[No Variations]"
Add component (AddParameter): Name = "LatestRevisionNote"; Value = "Re-released for DXP Platform."; VariantName = "[No Variations]"
Add component (AddParameter): Name = "PackageDescription"; Value = "Radial Cap, Thru-Hole; 2 Leads; 0.3 in Pin Spacing"; VariantName = "[No Variations]"
Add component (AddParameter): Name = "PackageReference"; Value = "RAD-0.3"; VariantName = "[No Variations]"
Add component (AddParameter): Name = "Published"; Value = "8-Jun-2000"; VariantName = "[No Variations]"
Add component (AddParameter): Name = "Publisher"; Value = "Altium Limited"; VariantName = "[No Variations]"
Add component (AddParameter): Name = "Value"; Value = "100nF"; VariantName = "[No Variations]"
Added Component: Designator=C601(CAPC2012X14N)
Add component. Clean all parameters for all variants
Add component (AddParameter): Name = "LatestRevisionDate"; Value = "17-Jul-2002"; VariantName = "[No Variations]"
Add component (AddParameter): Name = "LatestRevisionNote"; Value = "Re-released for DXP Platform."; VariantName = "[No Variations]"
Add component (AddParameter): Name = "PackageDescription"; Value = "Radial Cap, Thru-Hole; 2 Leads; 0.3 in Pin Spacing"; VariantName = "[No Variations]"
Add component (AddParameter): Name = "PackageReference"; Value = "RAD-0.3"; VariantName = "[No Variations]"
Add component (AddParameter): Name = "Published"; Value = "8-Jun-2000"; VariantName = "[No Variations]"
Add component (AddParameter): Name = "Publisher"; Value = "Altium Limited"; VariantName = "[No Variations]"
Add component (AddParameter): Name = "Value"; Value = "100nF"; VariantName = "[No Variations]"
Added Component: Designator=C602(CAPC2012X14N)
Add component. Clean all parameters for all variants
Add component (AddParameter): Name = "LatestRevisionDate"; Value = "17-Jul-2002"; VariantName = "[No Variations]"
Add component (AddParameter): Name = "LatestRevisionNote"; Value = "Re-released for DXP Platform."; VariantName = "[No Variations]"
Add component (AddParameter): Name = "PackageDescription"; Value = "Radial Cap, Thru-Hole; 2 Leads; 0.3 in Pin Spacing"; VariantName = "[No Variations]"
Add component (AddParameter): Name = "PackageReference"; Value = "RAD-0.3"; VariantName = "[No Variations]"
Add component (AddParameter): Name = "Published"; Value = "8-Jun-2000"; VariantName = "[No Variations]"
Add component (AddParameter): Name = "Publisher"; Value = "Altium Limited"; VariantName = "[No Variations]"
Add component (AddParameter): Name = "Value"; Value = "1uF"; VariantName = "[No Variations]"
Added Component: Designator=C603(CAPC2012X14N)
Add component. Clean all parameters for all variants
Add component (AddParameter): Name = "LatestRevisionDate"; Value = "17-Jul-2002"; VariantName = "[No Variations]"
Add component (AddParameter): Name = "LatestRevisionNote"; Value = "Re-released for DXP Platform."; VariantName = "[No Variations]"
Add component (AddParameter): Name = "PackageDescription"; Value = "Radial Cap, Thru-Hole; 2 Leads; 0.3 in Pin Spacing"; VariantName = "[No Variations]"
Add component (AddParameter): Name = "PackageReference"; Value = "RAD-0.3"; VariantName = "[No Variations]"
Add component (AddParameter): Name = "Published"; Value = "8-Jun-2000"; VariantName = "[No Variations]"
Add component (AddParameter): Name = "Publisher"; Value = "Altium Limited"; VariantName = "[No Variations]"
Add component (AddParameter): Name = "Value"; Value = "100nF"; VariantName = "[No Variations]"
Added Component: Designator=C604(CAPC2012X14N)
Add component. Clean all parameters for all variants
Add component (AddParameter): Name = "LatestRevisionDate"; Value = "17-Jul-2002"; VariantName = "[No Variations]"
Add component (AddParameter): Name = "LatestRevisionNote"; Value = "Re-released for DXP Platform."; VariantName = "[No Variations]"
Add component (AddParameter): Name = "PackageDescription"; Value = "Radial Cap, Thru-Hole; 2 Leads; 0.3 in Pin Spacing"; VariantName = "[No Variations]"
Add component (AddParameter): Name = "PackageReference"; Value = "RAD-0.3"; VariantName = "[No Variations]"
Add component (AddParameter): Name = "Published"; Value = "8-Jun-2000"; VariantName = "[No Variations]"
Add component (AddParameter): Name = "Publisher"; Value = "Altium Limited"; VariantName = "[No Variations]"
Add component (AddParameter): Name = "Value"; Value = "1uF"; VariantName = "[No Variations]"
Added Component: Designator=C605(CAPC2012X14N)
Add component. Clean all parameters for all variants
Add component (AddParameter): Name = "LatestRevisionDate"; Value = "17-Jul-2002"; VariantName = "[No Variations]"
Add component (AddParameter): Name = "LatestRevisionNote"; Value = "Re-released for DXP Platform."; VariantName = "[No Variations]"
Add component (AddParameter): Name = "PackageDescription"; Value = "Radial Cap, Thru-Hole; 2 Leads; 0.3 in Pin Spacing"; VariantName = "[No Variations]"
Add component (AddParameter): Name = "PackageReference"; Value = "RAD-0.3"; VariantName = "[No Variations]"
Add component (AddParameter): Name = "Published"; Value = "8-Jun-2000"; VariantName = "[No Variations]"
Add component (AddParameter): Name = "Publisher"; Value = "Altium Limited"; VariantName = "[No Variations]"
Add component (AddParameter): Name = "Value"; Value = "100pF"; VariantName = "[No Variations]"
Added Component: Designator=C606(CAPC2012X14N)
Add component. Clean all parameters for all variants
Add component (AddParameter): Name = "LatestRevisionDate"; Value = "17-Jul-2002"; VariantName = "[No Variations]"
Add component (AddParameter): Name = "LatestRevisionNote"; Value = "Re-released for DXP Platform."; VariantName = "[No Variations]"
Add component (AddParameter): Name = "PackageDescription"; Value = "Radial Cap, Thru-Hole; 2 Leads; 0.3 in Pin Spacing"; VariantName = "[No Variations]"
Add component (AddParameter): Name = "PackageReference"; Value = "RAD-0.3"; VariantName = "[No Variations]"
Add component (AddParameter): Name = "Published"; Value = "8-Jun-2000"; VariantName = "[No Variations]"
Add component (AddParameter): Name = "Publisher"; Value = "Altium Limited"; VariantName = "[No Variations]"
Add component (AddParameter): Name = "Value"; Value = "0.47uF"; VariantName = "[No Variations]"
Added Component: Designator=C607(RB7.6-15)
Add component. Clean all parameters for all variants
Add component (AddParameter): Name = "LatestRevisionDate"; Value = "17-Jul-2002"; VariantName = "[No Variations]"
Add component (AddParameter): Name = "LatestRevisionNote"; Value = "Re-released for DXP Platform."; VariantName = "[No Variations]"
Add component (AddParameter): Name = "PackageDescription"; Value = "Polarized Capacitor (Radial); 2 Leads"; VariantName = "[No Variations]"
Add component (AddParameter): Name = "PackageReference"; Value = "RB7.6-15"; VariantName = "[No Variations]"
Add component (AddParameter): Name = "Published"; Value = "8-Jun-2000"; VariantName = "[No Variations]"
Add component (AddParameter): Name = "Publisher"; Value = "Altium Limited"; VariantName = "[No Variations]"
Add component (AddParameter): Name = "Value"; Value = "22uF"; VariantName = "[No Variations]"
Added Component: Designator=Current Protector600(SOIC127P600X175-8N)
Add component. Clean all parameters for all variants
Added Component: Designator=D600(SMD GREEN LED)
Add component. Clean all parameters for all variants
Add component (AddParameter): Name = "LatestRevisionDate"; Value = "08-Jul-2005"; VariantName = "[No Variations]"
Add component (AddParameter): Name = "LatestRevisionNote"; Value = "Mech Layer 1 removed."; VariantName = "[No Variations]"
Add component (AddParameter): Name = "PackageDescription"; Value = "LED; 2 Leads"; VariantName = "[No Variations]"
Add component (AddParameter): Name = "PackageReference"; Value = "LED-0"; VariantName = "[No Variations]"
Add component (AddParameter): Name = "Published"; Value = "8-Jun-2000"; VariantName = "[No Variations]"
Add component (AddParameter): Name = "Publisher"; Value = "Altium Limited"; VariantName = "[No Variations]"
Added Component: Designator=D601(SMD GREEN LED)
Add component. Clean all parameters for all variants
Add component (AddParameter): Name = "LatestRevisionDate"; Value = "08-Jul-2005"; VariantName = "[No Variations]"
Add component (AddParameter): Name = "LatestRevisionNote"; Value = "Mech Layer 1 removed."; VariantName = "[No Variations]"
Add component (AddParameter): Name = "PackageDescription"; Value = "LED; 2 Leads"; VariantName = "[No Variations]"
Add component (AddParameter): Name = "PackageReference"; Value = "LED-0"; VariantName = "[No Variations]"
Add component (AddParameter): Name = "Published"; Value = "8-Jun-2000"; VariantName = "[No Variations]"
Add component (AddParameter): Name = "Publisher"; Value = "Altium Limited"; VariantName = "[No Variations]"
Added Component: Designator=D602(SMD GREEN LED)
Add component. Clean all parameters for all variants
Add component (AddParameter): Name = "LatestRevisionDate"; Value = "08-Jul-2005"; VariantName = "[No Variations]"
Add component (AddParameter): Name = "LatestRevisionNote"; Value = "Mech Layer 1 removed."; VariantName = "[No Variations]"
Add component (AddParameter): Name = "PackageDescription"; Value = "LED; 2 Leads"; VariantName = "[No Variations]"
Add component (AddParameter): Name = "PackageReference"; Value = "LED-0"; VariantName = "[No Variations]"
Add component (AddParameter): Name = "Published"; Value = "8-Jun-2000"; VariantName = "[No Variations]"
Add component (AddParameter): Name = "Publisher"; Value = "Altium Limited"; VariantName = "[No Variations]"
Added Component: Designator=DC/DC ISO600(Isolated DC/DC)
Add component. Clean all parameters for all variants
Added Component: Designator=Fault600(SMD RED LED)
Add component. Clean all parameters for all variants
Add component (AddParameter): Name = "LatestRevisionDate"; Value = "08-Jul-2005"; VariantName = "[No Variations]"
Add component (AddParameter): Name = "LatestRevisionNote"; Value = "Mech Layer 1 removed."; VariantName = "[No Variations]"
Add component (AddParameter): Name = "PackageDescription"; Value = "LED; 2 Leads"; VariantName = "[No Variations]"
Add component (AddParameter): Name = "PackageReference"; Value = "LED-0"; VariantName = "[No Variations]"
Add component (AddParameter): Name = "Published"; Value = "8-Jun-2000"; VariantName = "[No Variations]"
Add component (AddParameter): Name = "Publisher"; Value = "Altium Limited"; VariantName = "[No Variations]"
Added Component: Designator=R600(RESC2012X07N)
Add component. Clean all parameters for all variants
Add component (AddParameter): Name = "LatestRevisionDate"; Value = "17-Jul-2002"; VariantName = "[No Variations]"
Add component (AddParameter): Name = "LatestRevisionNote"; Value = "Re-released for DXP Platform."; VariantName = "[No Variations]"
Add component (AddParameter): Name = "PackageDescription"; Value = "Axial Device, Thru-Hole; 2 Leads; 0.3 in Pin Spacing"; VariantName = "[No Variations]"
Add component (AddParameter): Name = "PackageReference"; Value = "AXIAL-0.3"; VariantName = "[No Variations]"
Add component (AddParameter): Name = "Published"; Value = "8-Jun-2000"; VariantName = "[No Variations]"
Add component (AddParameter): Name = "Publisher"; Value = "Altium Limited"; VariantName = "[No Variations]"
Add component (AddParameter): Name = "Value"; Value = "1K"; VariantName = "[No Variations]"
Added Component: Designator=R601(RESC2012X07N)
Add component. Clean all parameters for all variants
Add component (AddParameter): Name = "LatestRevisionDate"; Value = "17-Jul-2002"; VariantName = "[No Variations]"
Add component (AddParameter): Name = "LatestRevisionNote"; Value = "Re-released for DXP Platform."; VariantName = "[No Variations]"
Add component (AddParameter): Name = "PackageDescription"; Value = "Axial Device, Thru-Hole; 2 Leads; 0.3 in Pin Spacing"; VariantName = "[No Variations]"
Add component (AddParameter): Name = "PackageReference"; Value = "AXIAL-0.3"; VariantName = "[No Variations]"
Add component (AddParameter): Name = "Published"; Value = "8-Jun-2000"; VariantName = "[No Variations]"
Add component (AddParameter): Name = "Publisher"; Value = "Altium Limited"; VariantName = "[No Variations]"
Add component (AddParameter): Name = "Value"; Value = "10k"; VariantName = "[No Variations]"
Added Component: Designator=R602(RESC2012X07N)
Add component. Clean all parameters for all variants
Add component (AddParameter): Name = "LatestRevisionDate"; Value = "17-Jul-2002"; VariantName = "[No Variations]"
Add component (AddParameter): Name = "LatestRevisionNote"; Value = "Re-released for DXP Platform."; VariantName = "[No Variations]"
Add component (AddParameter): Name = "PackageDescription"; Value = "Axial Device, Thru-Hole; 2 Leads; 0.3 in Pin Spacing"; VariantName = "[No Variations]"
Add component (AddParameter): Name = "PackageReference"; Value = "AXIAL-0.3"; VariantName = "[No Variations]"
Add component (AddParameter): Name = "Published"; Value = "8-Jun-2000"; VariantName = "[No Variations]"
Add component (AddParameter): Name = "Publisher"; Value = "Altium Limited"; VariantName = "[No Variations]"
Add component (AddParameter): Name = "Value"; Value = "20k"; VariantName = "[No Variations]"
Added Component: Designator=R603(RESC2012X07N)
Add component. Clean all parameters for all variants
Add component (AddParameter): Name = "LatestRevisionDate"; Value = "17-Jul-2002"; VariantName = "[No Variations]"
Add component (AddParameter): Name = "LatestRevisionNote"; Value = "Re-released for DXP Platform."; VariantName = "[No Variations]"
Add component (AddParameter): Name = "PackageDescription"; Value = "Axial Device, Thru-Hole; 2 Leads; 0.3 in Pin Spacing"; VariantName = "[No Variations]"
Add component (AddParameter): Name = "PackageReference"; Value = "AXIAL-0.3"; VariantName = "[No Variations]"
Add component (AddParameter): Name = "Published"; Value = "8-Jun-2000"; VariantName = "[No Variations]"
Add component (AddParameter): Name = "Publisher"; Value = "Altium Limited"; VariantName = "[No Variations]"
Add component (AddParameter): Name = "Value"; Value = "1K"; VariantName = "[No Variations]"
Added Component: Designator=R604(RESC2012X07N)
Add component. Clean all parameters for all variants
Add component (AddParameter): Name = "LatestRevisionDate"; Value = "17-Jul-2002"; VariantName = "[No Variations]"
Add component (AddParameter): Name = "LatestRevisionNote"; Value = "Re-released for DXP Platform."; VariantName = "[No Variations]"
Add component (AddParameter): Name = "PackageDescription"; Value = "Axial Device, Thru-Hole; 2 Leads; 0.3 in Pin Spacing"; VariantName = "[No Variations]"
Add component (AddParameter): Name = "PackageReference"; Value = "AXIAL-0.3"; VariantName = "[No Variations]"
Add component (AddParameter): Name = "Published"; Value = "8-Jun-2000"; VariantName = "[No Variations]"
Add component (AddParameter): Name = "Publisher"; Value = "Altium Limited"; VariantName = "[No Variations]"
Add component (AddParameter): Name = "Value"; Value = "1K"; VariantName = "[No Variations]"
Added Component: Designator=R605(RESC2012X07N)
Add component. Clean all parameters for all variants
Add component (AddParameter): Name = "LatestRevisionDate"; Value = "17-Jul-2002"; VariantName = "[No Variations]"
Add component (AddParameter): Name = "LatestRevisionNote"; Value = "Re-released for DXP Platform."; VariantName = "[No Variations]"
Add component (AddParameter): Name = "PackageDescription"; Value = "Axial Device, Thru-Hole; 2 Leads; 0.3 in Pin Spacing"; VariantName = "[No Variations]"
Add component (AddParameter): Name = "PackageReference"; Value = "AXIAL-0.3"; VariantName = "[No Variations]"
Add component (AddParameter): Name = "Published"; Value = "8-Jun-2000"; VariantName = "[No Variations]"
Add component (AddParameter): Name = "Publisher"; Value = "Altium Limited"; VariantName = "[No Variations]"
Add component (AddParameter): Name = "Value"; Value = "1K"; VariantName = "[No Variations]"
Added Component: Designator=R606(RESC2012X07N)
Add component. Clean all parameters for all variants
Add component (AddParameter): Name = "LatestRevisionDate"; Value = "17-Jul-2002"; VariantName = "[No Variations]"
Add component (AddParameter): Name = "LatestRevisionNote"; Value = "Re-released for DXP Platform."; VariantName = "[No Variations]"
Add component (AddParameter): Name = "PackageDescription"; Value = "Axial Device, Thru-Hole; 2 Leads; 0.3 in Pin Spacing"; VariantName = "[No Variations]"
Add component (AddParameter): Name = "PackageReference"; Value = "AXIAL-0.3"; VariantName = "[No Variations]"
Add component (AddParameter): Name = "Published"; Value = "8-Jun-2000"; VariantName = "[No Variations]"
Add component (AddParameter): Name = "Publisher"; Value = "Altium Limited"; VariantName = "[No Variations]"
Add component (AddParameter): Name = "Value"; Value = "1K"; VariantName = "[No Variations]"
Added Component: Designator=R607(RESC2012X07N)
Add component. Clean all parameters for all variants
Add component (AddParameter): Name = "LatestRevisionDate"; Value = "17-Jul-2002"; VariantName = "[No Variations]"
Add component (AddParameter): Name = "LatestRevisionNote"; Value = "Re-released for DXP Platform."; VariantName = "[No Variations]"
Add component (AddParameter): Name = "PackageDescription"; Value = "Axial Device, Thru-Hole; 2 Leads; 0.3 in Pin Spacing"; VariantName = "[No Variations]"
Add component (AddParameter): Name = "PackageReference"; Value = "AXIAL-0.3"; VariantName = "[No Variations]"
Add component (AddParameter): Name = "Published"; Value = "8-Jun-2000"; VariantName = "[No Variations]"
Add component (AddParameter): Name = "Publisher"; Value = "Altium Limited"; VariantName = "[No Variations]"
Add component (AddParameter): Name = "Value"; Value = "1K"; VariantName = "[No Variations]"
Added Pin To Net: NetName=5V Pin=3.3V Regulator-1
Added Pin To Net: NetName=GND Pin=3.3V Regulator-2
Added Pin To Net: NetName=5V Pin=3.3V Regulator-3
Added Pin To Net: NetName=Net3.3V Regulator_4 Pin=3.3V Regulator-4
Added Pin To Net: NetName=3.3V Pin=3.3V Regulator-5
Added Pin To Net: NetName=GND_ISO Pin=5V Regulator-1
Added Pin To Net: NetName=5V_ISO Pin=5V Regulator-3
Added Pin To Net: NetName=GND_ISO Pin=C600-1
Added Pin To Net: NetName=+5V Pin=C601-1
Added Pin To Net: NetName=GND Pin=C601-2
Added Pin To Net: NetName=GND Pin=C602-1
Added Pin To Net: NetName=+5V Pin=C602-2
Added Pin To Net: NetName=5V Pin=C603-1
Added Pin To Net: NetName=GND Pin=C603-2
Added Pin To Net: NetName=GND Pin=C604-1
Added Pin To Net: NetName=5V Pin=C604-2
Added Pin To Net: NetName=3.3V Pin=C605-1
Added Pin To Net: NetName=GND Pin=C605-2
Added Pin To Net: NetName=GND_ISO Pin=C606-1
Added Pin To Net: NetName=5V_ISO Pin=C607-1
Added Pin To Net: NetName=+5V Pin=Current Protector600-1
Added Pin To Net: NetName=+5V Pin=Current Protector600-2
Added Pin To Net: NetName=NetCurrent Protector600_3 Pin=Current Protector600-3
Added Pin To Net: NetName=GND Pin=Current Protector600-4
Added Pin To Net: NetName=NetCurrent Protector600_5 Pin=Current Protector600-5
Added Pin To Net: NetName=5V Pin=Current Protector600-6
Added Pin To Net: NetName=5V Pin=Current Protector600-7
Added Pin To Net: NetName=NetCurrent Protector600_8 Pin=Current Protector600-8
Added Pin To Net: NetName=NetD600_1 Pin=D600-1
Added Pin To Net: NetName=GND Pin=D600-2
Added Pin To Net: NetName=NetD601_1 Pin=D601-1
Added Pin To Net: NetName=GND Pin=D601-2
Added Pin To Net: NetName=GND_ISO Pin=DC/DC ISO600-1
Added Pin To Net: NetName=GND Pin=DC/DC ISO600-5
Added Pin To Net: NetName=+5V Pin=DC/DC ISO600-7
Added Pin To Net: NetName=NetFault600_1 Pin=Fault600-1
Added Pin To Net: NetName=NetCurrent Protector600_8 Pin=Fault600-2
Added Pin To Net: NetName=NetD600_1 Pin=R600-1
Added Pin To Net: NetName=+5V Pin=R600-2
Added Pin To Net: NetName=Voltage_Monitor Pin=R601-1
Added Pin To Net: NetName=+5V Pin=R601-2
Added Pin To Net: NetName=GND Pin=R602-1
Added Pin To Net: NetName=Voltage_Monitor Pin=R602-2
Added Pin To Net: NetName=GND Pin=R603-1
Added Pin To Net: NetName=NetCurrent Protector600_3 Pin=R603-2
Added Pin To Net: NetName=NetFault600_1 Pin=R604-1
Added Pin To Net: NetName=+5V Pin=R604-2
Added Pin To Net: NetName=GND Pin=R605-1
Added Pin To Net: NetName=NetCurrent Protector600_5 Pin=R605-2
Added Pin To Net: NetName=NetD601_1 Pin=R606-1
Added Pin To Net: NetName=3.3V Pin=R606-2
Added Pin To Net: NetName=5V_ISO Pin=R607-2
Added Pin To Net: NetName=NetD602_1 Pin=D602-1
Added Pin To Net: NetName=NetD602_1 Pin=R607-1
Added Net: Name=NetD602_1
Added Member To Class: ClassName=U_BMS_PowerManagement Member=Component 5V Regulator LM2940IMPX-5.0/NOPB
Added Member To Class: ClassName=U_BMS_PowerManagement Member=Component C606 Cap
Added Member To Class: ClassName=U_BMS_PowerManagement Member=Component C607 Cap Pol1
Added Member To Class: ClassName=U_BMS_PowerManagement Member=Component D602 Green LED
Added Member To Class: ClassName=U_BMS_PowerManagement Member=Component R607 Res1
Added Room: Name=BMS_Main
Added Room: Name=CELL1
Added Room: Name=CELL2
Added Room: Name=CELL3
Added Room: Name=CELL4
Added Room: Name=CELL5
Added Room: Name=CELL6
Added Room: Name=CELL7
Added Room: Name=CELL8
Added Room: Name=CELL9
Added Room: Name=CELL10
Added Room: Name=CELL11
Added Room: Name=CELL12
Added Room: Name=U_BMS_BatteryStackMonitor
Added Room: Name=U_BMS_BatteryThermistors
Added Room: Name=U_BMS_CAN
Added Room: Name=U_BMS_Microcontroller
Added Room: Name=U_BMS_PowerManagement
Added Room: Name=U_BMS_SafetyCircuit
