Change Net Name : Old Net Name=CELL_CELL1_N New Net Name=CN_CELL1
Change Net Name : Old Net Name=CELL_CELL1_P New Net Name=CP_CELL1
Change Net Name : Old Net Name=CELL_CELL2_N New Net Name=CN_CELL2
Change Net Name : Old Net Name=CELL_CELL2_P New Net Name=CP_CELL2
Change Net Name : Old Net Name=CELL_CELL3_N New Net Name=CN_CELL3
Change Net Name : Old Net Name=CELL_CELL3_P New Net Name=CP_CELL3
Change Net Name : Old Net Name=CELL_CELL4_N New Net Name=CN_CELL4
Change Net Name : Old Net Name=CELL_CELL4_P New Net Name=CP_CELL4
Change Net Name : Old Net Name=CELL_CELL5_N New Net Name=CN_CELL5
Change Net Name : Old Net Name=CELL_CELL5_P New Net Name=CP_CELL5
Change Net Name : Old Net Name=CELL_CELL6_N New Net Name=CN_CELL6
Change Net Name : Old Net Name=CELL_CELL6_P New Net Name=CP_CELL6
Change Net Name : Old Net Name=CELL_CELL7_N New Net Name=CN_CELL7
Change Net Name : Old Net Name=CELL_CELL7_P New Net Name=CP_CELL7
Change Net Name : Old Net Name=CELL_CELL8_N New Net Name=CN_CELL8
Change Net Name : Old Net Name=CELL_CELL8_P New Net Name=CP_CELL8
Change Net Name : Old Net Name=CELL_CELL9_N New Net Name=CN_CELL9
Change Net Name : Old Net Name=CELL_CELL9_P New Net Name=CP_CELL9
Change Net Name : Old Net Name=CELL_CELL10_N New Net Name=CN_CELL10
Change Net Name : Old Net Name=CELL_CELL10_P New Net Name=CP_CELL10
Change Net Name : Old Net Name=CELL_CELL11_N New Net Name=CN_CELL11
Change Net Name : Old Net Name=CELL_CELL11_P New Net Name=CP_CELL11
Change Net Name : Old Net Name=CELL_CELL12_N New Net Name=CN_CELL12
Change Net Name : Old Net Name=CELL_CELL12_P New Net Name=CP_CELL12
Added Room: Name=BMS_Main
Added Room: Name=CELL1
Added Room: Name=CELL2
Added Room: Name=CELL3
Added Room: Name=CELL4
Added Room: Name=CELL5
Added Room: Name=CELL6
Added Room: Name=CELL7
Added Room: Name=CELL8
Added Room: Name=CELL9
Added Room: Name=CELL10
Added Room: Name=CELL11
Added Room: Name=CELL12
Added Room: Name=U_BMS_BatteryStackMonitor
Added Room: Name=U_BMS_BatteryThermistors
Added Room: Name=U_BMS_CAN
Added Room: Name=U_BMS_Microcontroller
Added Room: Name=U_BMS_PowerManagement
Added Room: Name=U_BMS_SafetyCircuit
