Added Pin To Net: NetName=BATT+ Pin=L200_CELL12-1
Added Pin To Net: NetName=BATT- Pin=R200_CELL1-1
Added Pin To Net: NetName=BATT- Pin=R201_CELL1-1
Added Pin To Net: NetName=CN7 Pin=SW100-8
Added Pin To Net: NetName=CN8 Pin=SW100-9
Added Pin To Net: NetName=CN9 Pin=SW100-10
Added Pin To Net: NetName=CN10 Pin=SW100-11
Added Pin To Net: NetName=CN11 Pin=SW100-12
Added Pin To Net: NetName=CN12 Pin=SW100-13
Added Pin To Net: NetName=CN2 Pin=SW101-9
Added Pin To Net: NetName=CN3 Pin=SW101-10
Added Pin To Net: NetName=CN4 Pin=SW101-11
Added Pin To Net: NetName=CN5 Pin=SW101-12
Added Pin To Net: NetName=CN6 Pin=SW101-13
Added Pin To Net: NetName=CN7 Pin=SW101-14
Change Net Name : Old Net Name=BATT+ New Net Name=CP12
Change Net Name : Old Net Name=BATT- New Net Name=CN1
Added Room: Name=BMS_Main
Added Room: Name=CELL1
Added Room: Name=CELL2
Added Room: Name=CELL3
Added Room: Name=CELL4
Added Room: Name=CELL5
Added Room: Name=CELL6
Added Room: Name=CELL7
Added Room: Name=CELL8
Added Room: Name=CELL9
Added Room: Name=CELL10
Added Room: Name=CELL11
Added Room: Name=CELL12
Added Room: Name=U_BMS_BatteryStackMonitor
Added Room: Name=U_BMS_BatteryThermistors
Added Room: Name=U_BMS_CAN
Added Room: Name=U_BMS_Microcontroller
Added Room: Name=U_BMS_PowerManagement
Added Room: Name=U_BMS_SafetyCircuit
